                      :-) GROMACS - gmx mdrun, 2020.4 (-:

                            GROMACS is written by:
     Emile Apol      Rossen Apostolov      Paul Bauer     Herman J.C. Berendsen
    Par Bjelkmar      Christian Blau   Viacheslav Bolnykh     Kevin Boyd    
 Aldert van Buuren   Rudi van Drunen     Anton Feenstra       Alan Gray     
  Gerrit Groenhof     Anca Hamuraru    Vincent Hindriksen  M. Eric Irrgang  
  Aleksei Iupinov   Christoph Junghans     Joe Jordan     Dimitrios Karkoulis
    Peter Kasson        Jiri Kraus      Carsten Kutzner      Per Larsson    
  Justin A. Lemkul    Viveca Lindahl    Magnus Lundborg     Erik Marklund   
    Pascal Merz     Pieter Meulenhoff    Teemu Murtola       Szilard Pall   
    Sander Pronk      Roland Schulz      Michael Shirts    Alexey Shvetsov  
   Alfons Sijbers     Peter Tieleman      Jon Vincent      Teemu Virolainen 
 Christian Wennberg    Maarten Wolf      Artem Zhmurov   
                           and the project leaders:
        Mark Abraham, Berk Hess, Erik Lindahl, and David van der Spoel

Copyright (c) 1991-2000, University of Groningen, The Netherlands.
Copyright (c) 2001-2019, The GROMACS development team at
Uppsala University, Stockholm University and
the Royal Institute of Technology, Sweden.
check out http://www.gromacs.org for more information.

GROMACS is free software; you can redistribute it and/or modify it
under the terms of the GNU Lesser General Public License
as published by the Free Software Foundation; either version 2.1
of the License, or (at your option) any later version.

GROMACS:      gmx mdrun, version 2020.4
Executable:   /share/apps/gromacs/2020.4/openmpi/intel/bin/gmx_mpi
Data prefix:  /share/apps/gromacs/2020.4/openmpi/intel
Working dir:  /home/mp6576/comp-class-2023/comp-lab-class-2023/Week4/Setup/WaterandIons_CHARMM36M/gromacs
Process ID:   662104
Command line:
  gmx_mpi mdrun -v -deffnm step4.1_equilibration

GROMACS version:    2020.4
Verified release checksum is 79c2857291b034542c26e90512b92fd4b184a1c9d6fa59c55f2e24ccf14e7281
Precision:          single
Memory model:       64 bit
MPI library:        MPI
OpenMP support:     disabled
GPU support:        disabled
SIMD instructions:  AVX_512
FFT library:        Intel MKL
RDTSCP usage:       enabled
TNG support:        enabled
Hwloc support:      disabled
Tracing support:    disabled
C compiler:         /share/apps/openmpi/4.0.5/intel/bin/mpicc Intel 19.1.2.20200623
C compiler flags:   -xCORE-AVX512 -qopt-zmm-usage=high -mkl=sequential -wd3180 -std=gnu99 -ip -funroll-all-loops -alias-const -ansi-alias -no-prec-div -fimf-domain-exclusion=14 -qoverride-limits -O3 -DNDEBUG
C++ compiler:       /share/apps/openmpi/4.0.5/intel/bin/mpicxx Intel 19.1.2.20200623
C++ compiler flags: -xCORE-AVX512 -qopt-zmm-usage=high -mkl=sequential -wd3180 -ip -funroll-all-loops -alias-const -ansi-alias -no-prec-div -fimf-domain-exclusion=14 -qoverride-limits -O3 -DNDEBUG


Running on 1 node with total 48 cores, 48 logical cores
Hardware detected on host cs470.hpc.nyu.edu (the node of MPI rank 0):
  CPU info:
    Vendor: Intel
    Brand:  Intel(R) Xeon(R) Platinum 8268 CPU @ 2.90GHz
    Family: 6   Model: 85   Stepping: 7
    Features: aes apic avx avx2 avx512f avx512cd avx512bw avx512vl clfsh cmov cx8 cx16 f16c fma htt intel lahf mmx msr nonstop_tsc pcid pclmuldq pdcm pdpe1gb popcnt pse rdrnd rdtscp sse2 sse3 sse4.1 sse4.2 ssse3 tdt x2apic
    Number of AVX-512 FMA units: 2
  Hardware topology: Only logical processor count


++++ PLEASE READ AND CITE THE FOLLOWING REFERENCE ++++
M. J. Abraham, T. Murtola, R. Schulz, S. Páll, J. C. Smith, B. Hess, E.
Lindahl
GROMACS: High performance molecular simulations through multi-level
parallelism from laptops to supercomputers
SoftwareX 1 (2015) pp. 19-25
-------- -------- --- Thank You --- -------- --------


++++ PLEASE READ AND CITE THE FOLLOWING REFERENCE ++++
S. Páll, M. J. Abraham, C. Kutzner, B. Hess, E. Lindahl
Tackling Exascale Software Challenges in Molecular Dynamics Simulations with
GROMACS
In S. Markidis & E. Laure (Eds.), Solving Software Challenges for Exascale 8759 (2015) pp. 3-27
-------- -------- --- Thank You --- -------- --------


++++ PLEASE READ AND CITE THE FOLLOWING REFERENCE ++++
S. Pronk, S. Páll, R. Schulz, P. Larsson, P. Bjelkmar, R. Apostolov, M. R.
Shirts, J. C. Smith, P. M. Kasson, D. van der Spoel, B. Hess, and E. Lindahl
GROMACS 4.5: a high-throughput and highly parallel open source molecular
simulation toolkit
Bioinformatics 29 (2013) pp. 845-54
-------- -------- --- Thank You --- -------- --------


++++ PLEASE READ AND CITE THE FOLLOWING REFERENCE ++++
B. Hess and C. Kutzner and D. van der Spoel and E. Lindahl
GROMACS 4: Algorithms for highly efficient, load-balanced, and scalable
molecular simulation
J. Chem. Theory Comput. 4 (2008) pp. 435-447
-------- -------- --- Thank You --- -------- --------


++++ PLEASE READ AND CITE THE FOLLOWING REFERENCE ++++
D. van der Spoel, E. Lindahl, B. Hess, G. Groenhof, A. E. Mark and H. J. C.
Berendsen
GROMACS: Fast, Flexible and Free
J. Comp. Chem. 26 (2005) pp. 1701-1719
-------- -------- --- Thank You --- -------- --------


++++ PLEASE READ AND CITE THE FOLLOWING REFERENCE ++++
E. Lindahl and B. Hess and D. van der Spoel
GROMACS 3.0: A package for molecular simulation and trajectory analysis
J. Mol. Mod. 7 (2001) pp. 306-317
-------- -------- --- Thank You --- -------- --------


++++ PLEASE READ AND CITE THE FOLLOWING REFERENCE ++++
H. J. C. Berendsen, D. van der Spoel and R. van Drunen
GROMACS: A message-passing parallel molecular dynamics implementation
Comp. Phys. Comm. 91 (1995) pp. 43-56
-------- -------- --- Thank You --- -------- --------


++++ PLEASE CITE THE DOI FOR THIS VERSION OF GROMACS ++++
https://doi.org/10.5281/zenodo.4054979
-------- -------- --- Thank You --- -------- --------

Input Parameters:
   integrator                     = md
   tinit                          = 0
   dt                             = 0.001
   nsteps                         = 125000
   init-step                      = 0
   simulation-part                = 1
   comm-mode                      = Linear
   nstcomm                        = 100
   bd-fric                        = 0
   ld-seed                        = -490084728
   emtol                          = 10
   emstep                         = 0.01
   niter                          = 20
   fcstep                         = 0
   nstcgsteep                     = 1000
   nbfgscorr                      = 10
   rtpi                           = 0.05
   nstxout                        = 0
   nstvout                        = 5000
   nstfout                        = 5000
   nstlog                         = 1000
   nstcalcenergy                  = 100
   nstenergy                      = 1000
   nstxout-compressed             = 5000
   compressed-x-precision         = 1000
   cutoff-scheme                  = Verlet
   nstlist                        = 20
   pbc                            = xyz
   periodic-molecules             = false
   verlet-buffer-tolerance        = 0.005
   rlist                          = 1.2
   coulombtype                    = PME
   coulomb-modifier               = Potential-shift
   rcoulomb-switch                = 0
   rcoulomb                       = 1.2
   epsilon-r                      = 1
   epsilon-rf                     = inf
   vdw-type                       = Cut-off
   vdw-modifier                   = Force-switch
   rvdw-switch                    = 1
   rvdw                           = 1.2
   DispCorr                       = No
   table-extension                = 1
   fourierspacing                 = 0.12
   fourier-nx                     = 42
   fourier-ny                     = 42
   fourier-nz                     = 42
   pme-order                      = 4
   ewald-rtol                     = 1e-05
   ewald-rtol-lj                  = 0.001
   lj-pme-comb-rule               = Geometric
   ewald-geometry                 = 0
   epsilon-surface                = 0
   tcoupl                         = Nose-Hoover
   nsttcouple                     = 20
   nh-chain-length                = 1
   print-nose-hoover-chain-variables = false
   pcoupl                         = No
   pcoupltype                     = Isotropic
   nstpcouple                     = -1
   tau-p                          = 1
   compressibility (3x3):
      compressibility[    0]={ 0.00000e+00,  0.00000e+00,  0.00000e+00}
      compressibility[    1]={ 0.00000e+00,  0.00000e+00,  0.00000e+00}
      compressibility[    2]={ 0.00000e+00,  0.00000e+00,  0.00000e+00}
   ref-p (3x3):
      ref-p[    0]={ 0.00000e+00,  0.00000e+00,  0.00000e+00}
      ref-p[    1]={ 0.00000e+00,  0.00000e+00,  0.00000e+00}
      ref-p[    2]={ 0.00000e+00,  0.00000e+00,  0.00000e+00}
   refcoord-scaling               = No
   posres-com (3):
      posres-com[0]= 0.00000e+00
      posres-com[1]= 0.00000e+00
      posres-com[2]= 0.00000e+00
   posres-comB (3):
      posres-comB[0]= 0.00000e+00
      posres-comB[1]= 0.00000e+00
      posres-comB[2]= 0.00000e+00
   QMMM                           = false
   QMconstraints                  = 0
   QMMMscheme                     = 0
   MMChargeScaleFactor            = 1
qm-opts:
   ngQM                           = 0
   constraint-algorithm           = Lincs
   continuation                   = false
   Shake-SOR                      = false
   shake-tol                      = 0.0001
   lincs-order                    = 4
   lincs-iter                     = 1
   lincs-warnangle                = 30
   nwall                          = 0
   wall-type                      = 9-3
   wall-r-linpot                  = -1
   wall-atomtype[0]               = -1
   wall-atomtype[1]               = -1
   wall-density[0]                = 0
   wall-density[1]                = 0
   wall-ewald-zfac                = 3
   pull                           = false
   awh                            = false
   rotation                       = false
   interactiveMD                  = false
   disre                          = No
   disre-weighting                = Conservative
   disre-mixed                    = false
   dr-fc                          = 1000
   dr-tau                         = 0
   nstdisreout                    = 100
   orire-fc                       = 0
   orire-tau                      = 0
   nstorireout                    = 100
   free-energy                    = no
   cos-acceleration               = 0
   deform (3x3):
      deform[    0]={ 0.00000e+00,  0.00000e+00,  0.00000e+00}
      deform[    1]={ 0.00000e+00,  0.00000e+00,  0.00000e+00}
      deform[    2]={ 0.00000e+00,  0.00000e+00,  0.00000e+00}
   simulated-tempering            = false
   swapcoords                     = no
   userint1                       = 0
   userint2                       = 0
   userint3                       = 0
   userint4                       = 0
   userreal1                      = 0
   userreal2                      = 0
   userreal3                      = 0
   userreal4                      = 0
   applied-forces:
     electric-field:
       x:
         E0                       = 0
         omega                    = 0
         t0                       = 0
         sigma                    = 0
       y:
         E0                       = 0
         omega                    = 0
         t0                       = 0
         sigma                    = 0
       z:
         E0                       = 0
         omega                    = 0
         t0                       = 0
         sigma                    = 0
     density-guided-simulation:
       active                     = false
       group                      = protein
       similarity-measure         = inner-product
       atom-spreading-weight      = unity
       force-constant             = 1e+09
       gaussian-transform-spreading-width = 0.2
       gaussian-transform-spreading-range-in-multiples-of-width = 4
       reference-density-filename = reference.mrc
       nst                        = 1
       normalize-densities        = true
       adaptive-force-scaling     = false
       adaptive-force-scaling-time-constant = 4
grpopts:
   nrdf:       23277
   ref-t:         300
   tau-t:           1
annealing:          No
annealing-npoints:           0
   acc:	           0           0           0
   nfreeze:           N           N           N
   energygrp-flags[  0]: 0

Changing nstlist from 20 to 100, rlist from 1.2 to 1.297


Initializing Domain Decomposition on 48 ranks
Dynamic load balancing: auto
Using update groups, nr 3887, average size 3.0 atoms, max. radius 0.078 nm
Minimum cell size due to atom displacement: 0.296 nm
Scaling the initial minimum size with 1/0.8 (option -dds) = 1.25
Guess for relative PME load: 0.20
Will use 36 particle-particle and 12 PME only ranks
This is a guess, check the performance at the end of the log file
Using 12 separate PME ranks, as guessed by mdrun
Optimizing the DD grid for 36 cells with a minimum initial size of 0.370 nm
The maximum allowed number of cells is: X 13 Y 13 Z 13
Domain decomposition grid 6 x 6 x 1, separate PME ranks 12
PME domain decomposition: 6 x 2 x 1
Interleaving PP and PME ranks
This rank does only particle-particle work.
Domain decomposition rank 0, coordinates 0 0 0

The initial number of communication pulses is: X 2 Y 2
The initial domain decomposition cell size is: X 0.83 nm Y 0.83 nm

When dynamic load balancing gets turned on, these settings will change to:
The maximum number of communication pulses is: X 3 Y 3
The minimum size for domain decomposition cells is 0.484 nm
The requested allowed shrink of DD cells (option -dds) is: 0.80
The allowed shrink of domain decomposition cells is: X 0.58 Y 0.58

Using 48 MPI processes

Non-default thread affinity set, disabling internal thread affinity
System total charge: 0.000
Will do PME sum in reciprocal space for electrostatic interactions.

++++ PLEASE READ AND CITE THE FOLLOWING REFERENCE ++++
U. Essmann, L. Perera, M. L. Berkowitz, T. Darden, H. Lee and L. G. Pedersen 
A smooth particle mesh Ewald method
J. Chem. Phys. 103 (1995) pp. 8577-8592
-------- -------- --- Thank You --- -------- --------

Using a Gaussian width (1/beta) of 0.384195 nm for Ewald
Potential shift: LJ r^-12: -2.648e-01 r^-6: -5.349e-01, Ewald -8.333e-06
Initialized non-bonded Ewald tables, spacing: 1.02e-03 size: 1176


Using SIMD 4x8 nonbonded short-range kernels

Using a dual 4x8 pair-list setup updated with dynamic pruning:
  outer list: updated every 100 steps, buffer 0.097 nm, rlist 1.297 nm
  inner list: updated every  23 steps, buffer 0.001 nm, rlist 1.201 nm
At tolerance 0.005 kJ/mol/ps per atom, equivalent classical 1x1 list would be:
  outer list: updated every 100 steps, buffer 0.227 nm, rlist 1.427 nm
  inner list: updated every  23 steps, buffer 0.046 nm, rlist 1.246 nm

Removing pbc first time

++++ PLEASE READ AND CITE THE FOLLOWING REFERENCE ++++
S. Miyamoto and P. A. Kollman
SETTLE: An Analytical Version of the SHAKE and RATTLE Algorithms for Rigid
Water Models
J. Comp. Chem. 13 (1992) pp. 952-962
-------- -------- --- Thank You --- -------- --------


Linking all bonded interactions to atoms


Intra-simulation communication will occur every 20 steps.
There are: 11633 Atoms
Atom distribution over 36 domains: av 323 stddev 22 min 286 max 385

Constraining the starting coordinates (step 0)

Constraining the coordinates at t0-dt (step 0)
Center of mass motion removal mode is Linear
We have the following groups for center of mass motion removal:
  0:  SOLV
RMS relative constraint deviation after constraining: 0.00e+00
Initial temperature: 299.053 K

Started mdrun on rank 0 Wed Mar 13 10:37:17 2024

           Step           Time
              0        0.00000

   Energies (kJ/mol)
        LJ (SR)   Coulomb (SR)   Coul. recip.      Potential    Kinetic En.
    2.67877e+04   -2.14341e+05    6.75656e+02   -1.86877e+05    2.89465e+04
   Total Energy  Conserved En.    Temperature Pressure (bar)
   -1.57931e+05   -1.57931e+05    2.99133e+02   -1.11902e+03


DD  step 99 load imb.: force 11.2%  pme mesh/force 0.743

step 200 Turning on dynamic load balancing, because the performance loss due to load imbalance is 2.4 %.

DD  load balancing is limited by minimum cell size in dimension Y
DD  step 999  vol min/aver 0.843! load imb.: force  6.2%  pme mesh/force 0.584
           Step           Time
           1000        1.00000

   Energies (kJ/mol)
        LJ (SR)   Coulomb (SR)   Coul. recip.      Potential    Kinetic En.
    1.74674e+04   -1.86794e+05    4.74491e+02   -1.68853e+05    2.25755e+04
   Total Energy  Conserved En.    Temperature Pressure (bar)
   -1.46277e+05   -1.56247e+05    2.33296e+02   -2.41278e+03


DD  load balancing is limited by minimum cell size in dimension Y
DD  step 1999  vol min/aver 0.833! load imb.: force  7.3%  pme mesh/force 0.605
           Step           Time
           2000        2.00000

   Energies (kJ/mol)
        LJ (SR)   Coulomb (SR)   Coul. recip.      Potential    Kinetic En.
    1.67671e+04   -1.80152e+05    5.44194e+02   -1.62841e+05    2.66042e+04
   Total Energy  Conserved En.    Temperature Pressure (bar)
   -1.36237e+05   -1.55792e+05    2.74928e+02   -1.60218e+03


DD  step 2999  vol min/aver 0.845  load imb.: force  4.5%  pme mesh/force 0.602
           Step           Time
           3000        3.00000

   Energies (kJ/mol)
        LJ (SR)   Coulomb (SR)   Coul. recip.      Potential    Kinetic En.
    1.56872e+04   -1.75799e+05    5.81688e+02   -1.59530e+05    2.87610e+04
   Total Energy  Conserved En.    Temperature Pressure (bar)
   -1.30769e+05   -1.55428e+05    2.97217e+02   -1.52281e+03


DD  step 3999  vol min/aver 0.854  load imb.: force  8.7%  pme mesh/force 0.635
           Step           Time
           4000        4.00000

   Energies (kJ/mol)
        LJ (SR)   Coulomb (SR)   Coul. recip.      Potential    Kinetic En.
    1.65071e+04   -1.76461e+05    5.62469e+02   -1.59392e+05    3.01625e+04
   Total Energy  Conserved En.    Temperature Pressure (bar)
   -1.29229e+05   -1.55151e+05    3.11699e+02   -1.08441e+03


DD  step 4999  vol min/aver 0.896  load imb.: force  5.2%  pme mesh/force 0.631
           Step           Time
           5000        5.00000

   Energies (kJ/mol)
        LJ (SR)   Coulomb (SR)   Coul. recip.      Potential    Kinetic En.
    1.71589e+04   -1.77771e+05    5.87570e+02   -1.60025e+05    2.97284e+04
   Total Energy  Conserved En.    Temperature Pressure (bar)
   -1.30297e+05   -1.54968e+05    3.07214e+02   -8.73584e+02


DD  step 5999  vol min/aver 0.865  load imb.: force  5.0%  pme mesh/force 0.582
           Step           Time
           6000        6.00000

   Energies (kJ/mol)
        LJ (SR)   Coulomb (SR)   Coul. recip.      Potential    Kinetic En.
    1.73706e+04   -1.79200e+05    5.46546e+02   -1.61283e+05    2.91463e+04
   Total Energy  Conserved En.    Temperature Pressure (bar)
   -1.32137e+05   -1.54946e+05    3.01198e+02   -9.71387e+02


DD  load balancing is limited by minimum cell size in dimension Y
DD  step 6999  vol min/aver 0.880! load imb.: force  5.2%  pme mesh/force 0.560
           Step           Time
           7000        7.00000

   Energies (kJ/mol)
        LJ (SR)   Coulomb (SR)   Coul. recip.      Potential    Kinetic En.
    1.71031e+04   -1.79020e+05    5.48902e+02   -1.61368e+05    2.91260e+04
   Total Energy  Conserved En.    Temperature Pressure (bar)
   -1.32242e+05   -1.55000e+05    3.00988e+02   -1.13197e+03


DD  step 7999  vol min/aver 0.838  load imb.: force  5.9%  pme mesh/force 0.595
           Step           Time
           8000        8.00000

   Energies (kJ/mol)
        LJ (SR)   Coulomb (SR)   Coul. recip.      Potential    Kinetic En.
    1.72149e+04   -1.78744e+05    5.52836e+02   -1.60977e+05    2.91424e+04
   Total Energy  Conserved En.    Temperature Pressure (bar)
   -1.31834e+05   -1.54970e+05    3.01158e+02   -1.05515e+03


DD  step 8999  vol min/aver 0.883  load imb.: force  4.8%  pme mesh/force 0.585
           Step           Time
           9000        9.00000

   Energies (kJ/mol)
        LJ (SR)   Coulomb (SR)   Coul. recip.      Potential    Kinetic En.
    1.75083e+04   -1.79661e+05    5.50298e+02   -1.61603e+05    2.94675e+04
   Total Energy  Conserved En.    Temperature Pressure (bar)
   -1.32135e+05   -1.54991e+05    3.04518e+02   -9.70346e+02


DD  step 9999  vol min/aver 0.837  load imb.: force  6.2%  pme mesh/force 0.589
           Step           Time
          10000       10.00000

   Energies (kJ/mol)
        LJ (SR)   Coulomb (SR)   Coul. recip.      Potential    Kinetic En.
    1.69298e+04   -1.78345e+05    5.71037e+02   -1.60844e+05    2.91726e+04
   Total Energy  Conserved En.    Temperature Pressure (bar)
   -1.31671e+05   -1.55027e+05    3.01470e+02   -1.16495e+03


DD  step 10999  vol min/aver 0.824  load imb.: force  4.7%  pme mesh/force 0.612
           Step           Time
          11000       11.00000

   Energies (kJ/mol)
        LJ (SR)   Coulomb (SR)   Coul. recip.      Potential    Kinetic En.
    1.69961e+04   -1.78031e+05    5.69226e+02   -1.60466e+05    2.91419e+04
   Total Energy  Conserved En.    Temperature Pressure (bar)
   -1.31324e+05   -1.54994e+05    3.01153e+02   -1.06702e+03


DD  step 11999  vol min/aver 0.844  load imb.: force  5.6%  pme mesh/force 0.581
           Step           Time
          12000       12.00000

   Energies (kJ/mol)
        LJ (SR)   Coulomb (SR)   Coul. recip.      Potential    Kinetic En.
    1.73521e+04   -1.78154e+05    5.79503e+02   -1.60222e+05    2.96267e+04
   Total Energy  Conserved En.    Temperature Pressure (bar)
   -1.30596e+05   -1.54971e+05    3.06163e+02   -8.17502e+02


DD  step 12999  vol min/aver 0.889  load imb.: force  4.8%  pme mesh/force 0.589
           Step           Time
          13000       13.00000

   Energies (kJ/mol)
        LJ (SR)   Coulomb (SR)   Coul. recip.      Potential    Kinetic En.
    1.64864e+04   -1.78609e+05    5.63900e+02   -1.61559e+05    2.94754e+04
   Total Energy  Conserved En.    Temperature Pressure (bar)
   -1.32083e+05   -1.54968e+05    3.04599e+02   -1.41967e+03


DD  step 13999  vol min/aver 0.841  load imb.: force  5.9%  pme mesh/force 0.586
           Step           Time
          14000       14.00000

   Energies (kJ/mol)
        LJ (SR)   Coulomb (SR)   Coul. recip.      Potential    Kinetic En.
    1.67675e+04   -1.77130e+05    5.49446e+02   -1.59813e+05    2.87749e+04
   Total Energy  Conserved En.    Temperature Pressure (bar)
   -1.31038e+05   -1.54951e+05    2.97360e+02   -1.06877e+03


DD  step 14999  vol min/aver 0.844  load imb.: force  5.6%  pme mesh/force 0.622
           Step           Time
          15000       15.00000

   Energies (kJ/mol)
        LJ (SR)   Coulomb (SR)   Coul. recip.      Potential    Kinetic En.
    1.70410e+04   -1.78291e+05    5.85958e+02   -1.60664e+05    2.92362e+04
   Total Energy  Conserved En.    Temperature Pressure (bar)
   -1.31428e+05   -1.54947e+05    3.02128e+02   -1.12205e+03


DD  step 15999  vol min/aver 0.753  load imb.: force  7.1%  pme mesh/force 0.565
           Step           Time
          16000       16.00000

   Energies (kJ/mol)
        LJ (SR)   Coulomb (SR)   Coul. recip.      Potential    Kinetic En.
    1.73642e+04   -1.79245e+05    5.69157e+02   -1.61311e+05    2.87860e+04
   Total Energy  Conserved En.    Temperature Pressure (bar)
   -1.32525e+05   -1.54930e+05    2.97475e+02   -1.07789e+03


DD  step 16999  vol min/aver 0.806  load imb.: force  5.9%  pme mesh/force 0.582
           Step           Time
          17000       17.00000

   Energies (kJ/mol)
        LJ (SR)   Coulomb (SR)   Coul. recip.      Potential    Kinetic En.
    1.74714e+04   -1.79499e+05    5.55299e+02   -1.61473e+05    2.86709e+04
   Total Energy  Conserved En.    Temperature Pressure (bar)
   -1.32802e+05   -1.54963e+05    2.96285e+02   -1.03082e+03


DD  step 17999  vol min/aver 0.864  load imb.: force  5.1%  pme mesh/force 0.607
           Step           Time
          18000       18.00000

   Energies (kJ/mol)
        LJ (SR)   Coulomb (SR)   Coul. recip.      Potential    Kinetic En.
    1.73769e+04   -1.79326e+05    5.70071e+02   -1.61379e+05    2.88103e+04
   Total Energy  Conserved En.    Temperature Pressure (bar)
   -1.32569e+05   -1.54984e+05    2.97726e+02   -1.01929e+03


DD  step 18999  vol min/aver 0.805  load imb.: force  4.9%  pme mesh/force 0.568
           Step           Time
          19000       19.00000

   Energies (kJ/mol)
        LJ (SR)   Coulomb (SR)   Coul. recip.      Potential    Kinetic En.
    1.72189e+04   -1.79100e+05    5.53091e+02   -1.61328e+05    2.87565e+04
   Total Energy  Conserved En.    Temperature Pressure (bar)
   -1.32572e+05   -1.55005e+05    2.97170e+02   -1.12988e+03


DD  step 19999  vol min/aver 0.844  load imb.: force  4.2%  pme mesh/force 0.615

step 20000 Turning off dynamic load balancing, because it is degrading performance.
Atom distribution over 36 domains: av 323 stddev 14 min 300 max 344
           Step           Time
          20000       20.00000

   Energies (kJ/mol)
        LJ (SR)   Coulomb (SR)   Coul. recip.      Potential    Kinetic En.
    1.61824e+04   -1.77437e+05    6.08203e+02   -1.60647e+05    2.88855e+04
   Total Energy  Conserved En.    Temperature Pressure (bar)
   -1.31761e+05   -1.54985e+05    2.98503e+02   -1.52477e+03


DD  step 20999 load imb.: force  8.7%  pme mesh/force 0.599
           Step           Time
          21000       21.00000

   Energies (kJ/mol)
        LJ (SR)   Coulomb (SR)   Coul. recip.      Potential    Kinetic En.
    1.77645e+04   -1.79019e+05    5.50910e+02   -1.60703e+05    2.89801e+04
   Total Energy  Conserved En.    Temperature Pressure (bar)
   -1.31723e+05   -1.54954e+05    2.99480e+02   -7.28654e+02


DD  step 21999 load imb.: force  8.6%  pme mesh/force 0.567
           Step           Time
          22000       22.00000

   Energies (kJ/mol)
        LJ (SR)   Coulomb (SR)   Coul. recip.      Potential    Kinetic En.
    1.76169e+04   -1.79803e+05    5.68691e+02   -1.61618e+05    2.92040e+04
   Total Energy  Conserved En.    Temperature Pressure (bar)
   -1.32414e+05   -1.54926e+05    3.01795e+02   -9.34118e+02


DD  step 22999 load imb.: force 10.4%  pme mesh/force 0.588
           Step           Time
          23000       23.00000

   Energies (kJ/mol)
        LJ (SR)   Coulomb (SR)   Coul. recip.      Potential    Kinetic En.
    1.70164e+04   -1.79064e+05    5.29291e+02   -1.61518e+05    2.87417e+04
   Total Energy  Conserved En.    Temperature Pressure (bar)
   -1.32776e+05   -1.54934e+05    2.97017e+02   -1.16755e+03


DD  step 23999 load imb.: force  9.4%  pme mesh/force 0.582
           Step           Time
          24000       24.00000

   Energies (kJ/mol)
        LJ (SR)   Coulomb (SR)   Coul. recip.      Potential    Kinetic En.
    1.76795e+04   -1.79334e+05    5.52506e+02   -1.61102e+05    2.90649e+04
   Total Energy  Conserved En.    Temperature Pressure (bar)
   -1.32037e+05   -1.54937e+05    3.00357e+02   -8.23759e+02


DD  step 24999 load imb.: force  9.4%  pme mesh/force 0.568
           Step           Time
          25000       25.00000

   Energies (kJ/mol)
        LJ (SR)   Coulomb (SR)   Coul. recip.      Potential    Kinetic En.
    1.70035e+04   -1.78905e+05    5.91737e+02   -1.61309e+05    2.90652e+04
   Total Energy  Conserved En.    Temperature Pressure (bar)
   -1.32244e+05   -1.54926e+05    3.00360e+02   -1.13284e+03


DD  step 25999 load imb.: force 11.6%  pme mesh/force 0.607
           Step           Time
          26000       26.00000

   Energies (kJ/mol)
        LJ (SR)   Coulomb (SR)   Coul. recip.      Potential    Kinetic En.
    1.74371e+04   -1.79101e+05    5.60945e+02   -1.61103e+05    2.90275e+04
   Total Energy  Conserved En.    Temperature Pressure (bar)
   -1.32076e+05   -1.54924e+05    2.99971e+02   -9.29519e+02


DD  step 26999 load imb.: force  7.0%  pme mesh/force 0.573
           Step           Time
          27000       27.00000

   Energies (kJ/mol)
        LJ (SR)   Coulomb (SR)   Coul. recip.      Potential    Kinetic En.
    1.62228e+04   -1.78065e+05    5.63862e+02   -1.61278e+05    2.91734e+04
   Total Energy  Conserved En.    Temperature Pressure (bar)
   -1.32105e+05   -1.54903e+05    3.01478e+02   -1.50368e+03


DD  step 27999 load imb.: force 10.9%  pme mesh/force 0.601
           Step           Time
          28000       28.00000

   Energies (kJ/mol)
        LJ (SR)   Coulomb (SR)   Coul. recip.      Potential    Kinetic En.
    1.75206e+04   -1.79924e+05    5.59516e+02   -1.61844e+05    2.89757e+04
   Total Energy  Conserved En.    Temperature Pressure (bar)
   -1.32868e+05   -1.54916e+05    2.99436e+02   -9.91821e+02


DD  step 28999 load imb.: force 13.8%  pme mesh/force 0.655
           Step           Time
          29000       29.00000

   Energies (kJ/mol)
        LJ (SR)   Coulomb (SR)   Coul. recip.      Potential    Kinetic En.
    1.73707e+04   -1.79732e+05    5.40127e+02   -1.61821e+05    2.86919e+04
   Total Energy  Conserved En.    Temperature Pressure (bar)
   -1.33129e+05   -1.54934e+05    2.96502e+02   -1.06565e+03


DD  step 29999 load imb.: force 13.0%  pme mesh/force 0.615
           Step           Time
          30000       30.00000

   Energies (kJ/mol)
        LJ (SR)   Coulomb (SR)   Coul. recip.      Potential    Kinetic En.
    1.74078e+04   -1.79260e+05    5.85035e+02   -1.61267e+05    2.88354e+04
   Total Energy  Conserved En.    Temperature Pressure (bar)
   -1.32431e+05   -1.54934e+05    2.97986e+02   -9.66703e+02


DD  step 30999 load imb.: force 10.4%  pme mesh/force 0.623
           Step           Time
          31000       31.00000

   Energies (kJ/mol)
        LJ (SR)   Coulomb (SR)   Coul. recip.      Potential    Kinetic En.
    1.74369e+04   -1.79486e+05    5.82272e+02   -1.61467e+05    2.90358e+04
   Total Energy  Conserved En.    Temperature Pressure (bar)
   -1.32431e+05   -1.54935e+05    3.00056e+02   -1.00940e+03


DD  step 31999 load imb.: force  9.7%  pme mesh/force 0.564
           Step           Time
          32000       32.00000

   Energies (kJ/mol)
        LJ (SR)   Coulomb (SR)   Coul. recip.      Potential    Kinetic En.
    1.68352e+04   -1.78833e+05    5.46824e+02   -1.61451e+05    2.89453e+04
   Total Energy  Conserved En.    Temperature Pressure (bar)
   -1.32505e+05   -1.54924e+05    2.99121e+02   -1.29197e+03


DD  step 32999 load imb.: force  7.8%  pme mesh/force 0.584
           Step           Time
          33000       33.00000

   Energies (kJ/mol)
        LJ (SR)   Coulomb (SR)   Coul. recip.      Potential    Kinetic En.
    1.71292e+04   -1.78371e+05    6.05446e+02   -1.60637e+05    2.87638e+04
   Total Energy  Conserved En.    Temperature Pressure (bar)
   -1.31873e+05   -1.54968e+05    2.97245e+02   -1.04167e+03


DD  step 33999 load imb.: force 11.0%  pme mesh/force 0.554
           Step           Time
          34000       34.00000

   Energies (kJ/mol)
        LJ (SR)   Coulomb (SR)   Coul. recip.      Potential    Kinetic En.
    1.73848e+04   -1.79361e+05    5.46458e+02   -1.61430e+05    2.91610e+04
   Total Energy  Conserved En.    Temperature Pressure (bar)
   -1.32268e+05   -1.54968e+05    3.01350e+02   -1.03333e+03


DD  step 34999 load imb.: force  9.7%  pme mesh/force 0.572
           Step           Time
          35000       35.00000

   Energies (kJ/mol)
        LJ (SR)   Coulomb (SR)   Coul. recip.      Potential    Kinetic En.
    1.67334e+04   -1.78133e+05    5.44704e+02   -1.60855e+05    2.94618e+04
   Total Energy  Conserved En.    Temperature Pressure (bar)
   -1.31393e+05   -1.54974e+05    3.04458e+02   -1.29000e+03


DD  step 35999 load imb.: force  9.0%  pme mesh/force 0.608
           Step           Time
          36000       36.00000

   Energies (kJ/mol)
        LJ (SR)   Coulomb (SR)   Coul. recip.      Potential    Kinetic En.
    1.68239e+04   -1.78322e+05    5.49562e+02   -1.60948e+05    2.91447e+04
   Total Energy  Conserved En.    Temperature Pressure (bar)
   -1.31804e+05   -1.54978e+05    3.01182e+02   -1.21616e+03


DD  step 36999 load imb.: force  9.9%  pme mesh/force 0.515
           Step           Time
          37000       37.00000

   Energies (kJ/mol)
        LJ (SR)   Coulomb (SR)   Coul. recip.      Potential    Kinetic En.
    1.64355e+04   -1.77324e+05    5.75234e+02   -1.60314e+05    2.98899e+04
   Total Energy  Conserved En.    Temperature Pressure (bar)
   -1.30424e+05   -1.54930e+05    3.08883e+02   -1.21021e+03


DD  step 37999 load imb.: force  9.8%  pme mesh/force 0.573
           Step           Time
          38000       38.00000

   Energies (kJ/mol)
        LJ (SR)   Coulomb (SR)   Coul. recip.      Potential    Kinetic En.
    1.71189e+04   -1.78427e+05    5.72243e+02   -1.60736e+05    2.92121e+04
   Total Energy  Conserved En.    Temperature Pressure (bar)
   -1.31524e+05   -1.54932e+05    3.01878e+02   -1.03644e+03


DD  step 38999 load imb.: force 14.6%  pme mesh/force 0.631
           Step           Time
          39000       39.00000

   Energies (kJ/mol)
        LJ (SR)   Coulomb (SR)   Coul. recip.      Potential    Kinetic En.
    1.66502e+04   -1.77987e+05    6.21391e+02   -1.60716e+05    2.95417e+04
   Total Energy  Conserved En.    Temperature Pressure (bar)
   -1.31174e+05   -1.54882e+05    3.05284e+02   -1.24646e+03


DD  step 39999 load imb.: force  7.7%  pme mesh/force 0.568

step 40000 Turning on dynamic load balancing, because the performance loss due to load imbalance is 7.6 %.
           Step           Time
          40000       40.00000

   Energies (kJ/mol)
        LJ (SR)   Coulomb (SR)   Coul. recip.      Potential    Kinetic En.
    1.71215e+04   -1.78412e+05    5.49420e+02   -1.60741e+05    2.95484e+04
   Total Energy  Conserved En.    Temperature Pressure (bar)
   -1.31192e+05   -1.54846e+05    3.05353e+02   -1.04879e+03


DD  step 40999  vol min/aver 0.825  load imb.: force  6.4%  pme mesh/force 0.598
           Step           Time
          41000       41.00000

   Energies (kJ/mol)
        LJ (SR)   Coulomb (SR)   Coul. recip.      Potential    Kinetic En.
    1.68320e+04   -1.78858e+05    5.55233e+02   -1.61471e+05    2.87591e+04
   Total Energy  Conserved En.    Temperature Pressure (bar)
   -1.32711e+05   -1.54861e+05    2.97197e+02   -1.22664e+03


DD  step 41999  vol min/aver 0.803  load imb.: force  5.8%  pme mesh/force 0.599

step 42000 Turning off dynamic load balancing, because it is degrading performance.
Atom distribution over 36 domains: av 323 stddev 18 min 291 max 358
           Step           Time
          42000       42.00000

   Energies (kJ/mol)
        LJ (SR)   Coulomb (SR)   Coul. recip.      Potential    Kinetic En.
    1.73849e+04   -1.79405e+05    5.99471e+02   -1.61421e+05    2.90250e+04
   Total Energy  Conserved En.    Temperature Pressure (bar)
   -1.32396e+05   -1.54864e+05    2.99945e+02   -1.05754e+03


DD  step 42999 load imb.: force  9.1%  pme mesh/force 0.608
           Step           Time
          43000       43.00000

   Energies (kJ/mol)
        LJ (SR)   Coulomb (SR)   Coul. recip.      Potential    Kinetic En.
    1.74429e+04   -1.79432e+05    5.69537e+02   -1.61420e+05    2.88776e+04
   Total Energy  Conserved En.    Temperature Pressure (bar)
   -1.32542e+05   -1.54912e+05    2.98422e+02   -1.03528e+03


DD  step 43999 load imb.: force 12.1%  pme mesh/force 0.655
           Step           Time
          44000       44.00000

   Energies (kJ/mol)
        LJ (SR)   Coulomb (SR)   Coul. recip.      Potential    Kinetic En.
    1.75511e+04   -1.79519e+05    5.71984e+02   -1.61396e+05    2.89156e+04
   Total Energy  Conserved En.    Temperature Pressure (bar)
   -1.32480e+05   -1.54902e+05    2.98814e+02   -9.41988e+02


DD  step 44999 load imb.: force  8.9%  pme mesh/force 0.564
           Step           Time
          45000       45.00000

   Energies (kJ/mol)
        LJ (SR)   Coulomb (SR)   Coul. recip.      Potential    Kinetic En.
    1.69426e+04   -1.78490e+05    5.85254e+02   -1.60962e+05    2.88047e+04
   Total Energy  Conserved En.    Temperature Pressure (bar)
   -1.32157e+05   -1.54904e+05    2.97668e+02   -1.14618e+03


DD  step 45999 load imb.: force  9.3%  pme mesh/force 0.607
           Step           Time
          46000       46.00000

   Energies (kJ/mol)
        LJ (SR)   Coulomb (SR)   Coul. recip.      Potential    Kinetic En.
    1.70336e+04   -1.79125e+05    5.31834e+02   -1.61560e+05    2.92770e+04
   Total Energy  Conserved En.    Temperature Pressure (bar)
   -1.32283e+05   -1.54922e+05    3.02549e+02   -1.24091e+03


DD  step 46999 load imb.: force 39.1%  pme mesh/force 0.940
           Step           Time
          47000       47.00000

   Energies (kJ/mol)
        LJ (SR)   Coulomb (SR)   Coul. recip.      Potential    Kinetic En.
    1.72762e+04   -1.78307e+05    5.74179e+02   -1.60456e+05    2.90700e+04
   Total Energy  Conserved En.    Temperature Pressure (bar)
   -1.31386e+05   -1.54895e+05    3.00410e+02   -8.62322e+02


DD  step 47999 load imb.: force 45.9%  pme mesh/force 0.766
           Step           Time
          48000       48.00000

   Energies (kJ/mol)
        LJ (SR)   Coulomb (SR)   Coul. recip.      Potential    Kinetic En.
    1.66523e+04   -1.78553e+05    5.49221e+02   -1.61351e+05    2.93688e+04
   Total Energy  Conserved En.    Temperature Pressure (bar)
   -1.31982e+05   -1.54897e+05    3.03497e+02   -1.35154e+03


DD  step 48999 load imb.: force  7.8%  pme mesh/force 0.578
           Step           Time
          49000       49.00000

   Energies (kJ/mol)
        LJ (SR)   Coulomb (SR)   Coul. recip.      Potential    Kinetic En.
    1.68843e+04   -1.77953e+05    5.60462e+02   -1.60509e+05    2.94523e+04
   Total Energy  Conserved En.    Temperature Pressure (bar)
   -1.31056e+05   -1.54916e+05    3.04361e+02   -1.08879e+03


DD  step 49999 load imb.: force  8.9%  pme mesh/force 0.572

step 50000 Will no longer try dynamic load balancing, as it degraded performance.
           Step           Time
          50000       50.00000

   Energies (kJ/mol)
        LJ (SR)   Coulomb (SR)   Coul. recip.      Potential    Kinetic En.
    1.67233e+04   -1.77737e+05    5.86222e+02   -1.60427e+05    2.93386e+04
   Total Energy  Conserved En.    Temperature Pressure (bar)
   -1.31089e+05   -1.54852e+05    3.03185e+02   -1.19977e+03


DD  step 50999 load imb.: force  7.0%  pme mesh/force 0.564
           Step           Time
          51000       51.00000

   Energies (kJ/mol)
        LJ (SR)   Coulomb (SR)   Coul. recip.      Potential    Kinetic En.
    1.72895e+04   -1.78593e+05    5.81322e+02   -1.60722e+05    2.94339e+04
   Total Energy  Conserved En.    Temperature Pressure (bar)
   -1.31288e+05   -1.54862e+05    3.04170e+02   -9.47279e+02


DD  step 51999 load imb.: force  8.6%  pme mesh/force 0.599
           Step           Time
          52000       52.00000

   Energies (kJ/mol)
        LJ (SR)   Coulomb (SR)   Coul. recip.      Potential    Kinetic En.
    1.71037e+04   -1.78994e+05    5.57220e+02   -1.61333e+05    2.93593e+04
   Total Energy  Conserved En.    Temperature Pressure (bar)
   -1.31974e+05   -1.54848e+05    3.03400e+02   -1.14664e+03


DD  step 52999 load imb.: force  8.7%  pme mesh/force 0.558
           Step           Time
          53000       53.00000

   Energies (kJ/mol)
        LJ (SR)   Coulomb (SR)   Coul. recip.      Potential    Kinetic En.
    1.65704e+04   -1.77602e+05    5.71768e+02   -1.60460e+05    2.94836e+04
   Total Energy  Conserved En.    Temperature Pressure (bar)
   -1.30976e+05   -1.54860e+05    3.04683e+02   -1.23103e+03


DD  step 53999 load imb.: force  7.9%  pme mesh/force 0.568
           Step           Time
          54000       54.00000

   Energies (kJ/mol)
        LJ (SR)   Coulomb (SR)   Coul. recip.      Potential    Kinetic En.
    1.69890e+04   -1.78495e+05    5.96665e+02   -1.60909e+05    2.91385e+04
   Total Energy  Conserved En.    Temperature Pressure (bar)
   -1.31771e+05   -1.54845e+05    3.01117e+02   -1.10539e+03


DD  step 54999 load imb.: force  7.5%  pme mesh/force 0.563
           Step           Time
          55000       55.00000

   Energies (kJ/mol)
        LJ (SR)   Coulomb (SR)   Coul. recip.      Potential    Kinetic En.
    1.65346e+04   -1.78250e+05    5.71370e+02   -1.61144e+05    2.95649e+04
   Total Energy  Conserved En.    Temperature Pressure (bar)
   -1.31579e+05   -1.54817e+05    3.05524e+02   -1.41557e+03


DD  step 55999 load imb.: force  8.8%  pme mesh/force 0.577
           Step           Time
          56000       56.00000

   Energies (kJ/mol)
        LJ (SR)   Coulomb (SR)   Coul. recip.      Potential    Kinetic En.
    1.66591e+04   -1.78460e+05    5.68568e+02   -1.61233e+05    2.90614e+04
   Total Energy  Conserved En.    Temperature Pressure (bar)
   -1.32171e+05   -1.54790e+05    3.00320e+02   -1.30198e+03


DD  step 56999 load imb.: force  7.2%  pme mesh/force 0.558
           Step           Time
          57000       57.00000

   Energies (kJ/mol)
        LJ (SR)   Coulomb (SR)   Coul. recip.      Potential    Kinetic En.
    1.71799e+04   -1.78894e+05    5.42611e+02   -1.61171e+05    2.88265e+04
   Total Energy  Conserved En.    Temperature Pressure (bar)
   -1.32345e+05   -1.54781e+05    2.97894e+02   -1.05331e+03


DD  step 57999 load imb.: force  8.3%  pme mesh/force 0.575
           Step           Time
          58000       58.00000

   Energies (kJ/mol)
        LJ (SR)   Coulomb (SR)   Coul. recip.      Potential    Kinetic En.
    1.73708e+04   -1.80031e+05    5.68990e+02   -1.62091e+05    2.92931e+04
   Total Energy  Conserved En.    Temperature Pressure (bar)
   -1.32798e+05   -1.54812e+05    3.02715e+02   -1.19647e+03


DD  step 58999 load imb.: force  9.6%  pme mesh/force 0.558
           Step           Time
          59000       59.00000

   Energies (kJ/mol)
        LJ (SR)   Coulomb (SR)   Coul. recip.      Potential    Kinetic En.
    1.71071e+04   -1.78642e+05    5.61706e+02   -1.60974e+05    2.88749e+04
   Total Energy  Conserved En.    Temperature Pressure (bar)
   -1.32099e+05   -1.54833e+05    2.98394e+02   -1.03133e+03


DD  step 59999 load imb.: force  9.9%  pme mesh/force 0.607
           Step           Time
          60000       60.00000

   Energies (kJ/mol)
        LJ (SR)   Coulomb (SR)   Coul. recip.      Potential    Kinetic En.
    1.72821e+04   -1.78355e+05    5.46393e+02   -1.60526e+05    2.90946e+04
   Total Energy  Conserved En.    Temperature Pressure (bar)
   -1.31432e+05   -1.54812e+05    3.00663e+02   -9.35992e+02


DD  step 60999 load imb.: force 10.1%  pme mesh/force 0.613
           Step           Time
          61000       61.00000

   Energies (kJ/mol)
        LJ (SR)   Coulomb (SR)   Coul. recip.      Potential    Kinetic En.
    1.72152e+04   -1.78588e+05    6.04544e+02   -1.60768e+05    2.88576e+04
   Total Energy  Conserved En.    Temperature Pressure (bar)
   -1.31910e+05   -1.54848e+05    2.98214e+02   -1.03248e+03


DD  step 61999 load imb.: force  6.6%  pme mesh/force 0.561
           Step           Time
          62000       62.00000

   Energies (kJ/mol)
        LJ (SR)   Coulomb (SR)   Coul. recip.      Potential    Kinetic En.
    1.62946e+04   -1.78207e+05    6.04210e+02   -1.61308e+05    2.94255e+04
   Total Energy  Conserved En.    Temperature Pressure (bar)
   -1.31882e+05   -1.54834e+05    3.04083e+02   -1.57639e+03


DD  step 62999 load imb.: force  9.4%  pme mesh/force 0.576
           Step           Time
          63000       63.00000

   Energies (kJ/mol)
        LJ (SR)   Coulomb (SR)   Coul. recip.      Potential    Kinetic En.
    1.73087e+04   -1.78676e+05    5.78993e+02   -1.60789e+05    2.92748e+04
   Total Energy  Conserved En.    Temperature Pressure (bar)
   -1.31514e+05   -1.54776e+05    3.02526e+02   -9.86177e+02


DD  step 63999 load imb.: force  9.0%  pme mesh/force 0.587
           Step           Time
          64000       64.00000

   Energies (kJ/mol)
        LJ (SR)   Coulomb (SR)   Coul. recip.      Potential    Kinetic En.
    1.69945e+04   -1.78817e+05    5.53603e+02   -1.61268e+05    2.92541e+04
   Total Energy  Conserved En.    Temperature Pressure (bar)
   -1.32014e+05   -1.54778e+05    3.02312e+02   -1.15363e+03


DD  step 64999 load imb.: force 10.0%  pme mesh/force 0.593
           Step           Time
          65000       65.00000

   Energies (kJ/mol)
        LJ (SR)   Coulomb (SR)   Coul. recip.      Potential    Kinetic En.
    1.65598e+04   -1.77974e+05    5.39204e+02   -1.60875e+05    2.89410e+04
   Total Energy  Conserved En.    Temperature Pressure (bar)
   -1.31934e+05   -1.54789e+05    2.99077e+02   -1.28174e+03


DD  step 65999 load imb.: force  8.2%  pme mesh/force 0.592
           Step           Time
          66000       66.00000

   Energies (kJ/mol)
        LJ (SR)   Coulomb (SR)   Coul. recip.      Potential    Kinetic En.
    1.74353e+04   -1.79522e+05    5.40227e+02   -1.61547e+05    2.92100e+04
   Total Energy  Conserved En.    Temperature Pressure (bar)
   -1.32337e+05   -1.54833e+05    3.01857e+02   -1.01149e+03


DD  step 66999 load imb.: force 10.2%  pme mesh/force 0.561
           Step           Time
          67000       67.00000

   Energies (kJ/mol)
        LJ (SR)   Coulomb (SR)   Coul. recip.      Potential    Kinetic En.
    1.73672e+04   -1.79713e+05    5.66279e+02   -1.61780e+05    2.89037e+04
   Total Energy  Conserved En.    Temperature Pressure (bar)
   -1.32876e+05   -1.54872e+05    2.98691e+02   -1.08944e+03


DD  step 67999 load imb.: force  8.6%  pme mesh/force 0.599
           Step           Time
          68000       68.00000

   Energies (kJ/mol)
        LJ (SR)   Coulomb (SR)   Coul. recip.      Potential    Kinetic En.
    1.65728e+04   -1.78020e+05    5.51855e+02   -1.60895e+05    2.86935e+04
   Total Energy  Conserved En.    Temperature Pressure (bar)
   -1.32202e+05   -1.54833e+05    2.96519e+02   -1.39008e+03


DD  step 68999 load imb.: force  7.8%  pme mesh/force 0.580
           Step           Time
          69000       69.00000

   Energies (kJ/mol)
        LJ (SR)   Coulomb (SR)   Coul. recip.      Potential    Kinetic En.
    1.73362e+04   -1.79419e+05    5.63822e+02   -1.61519e+05    2.90154e+04
   Total Energy  Conserved En.    Temperature Pressure (bar)
   -1.32503e+05   -1.54836e+05    2.99846e+02   -1.02891e+03


DD  step 69999 load imb.: force  5.8%  pme mesh/force 0.564
           Step           Time
          70000       70.00000

   Energies (kJ/mol)
        LJ (SR)   Coulomb (SR)   Coul. recip.      Potential    Kinetic En.
    1.66533e+04   -1.77949e+05    5.58642e+02   -1.60737e+05    2.84153e+04
   Total Energy  Conserved En.    Temperature Pressure (bar)
   -1.32322e+05   -1.54827e+05    2.93644e+02   -1.28672e+03


DD  step 70999 load imb.: force  7.7%  pme mesh/force 0.591
           Step           Time
          71000       71.00000

   Energies (kJ/mol)
        LJ (SR)   Coulomb (SR)   Coul. recip.      Potential    Kinetic En.
    1.66309e+04   -1.78898e+05    5.73041e+02   -1.61694e+05    2.87308e+04
   Total Energy  Conserved En.    Temperature Pressure (bar)
   -1.32963e+05   -1.54850e+05    2.96904e+02   -1.46813e+03


DD  step 71999 load imb.: force  8.8%  pme mesh/force 0.536
           Step           Time
          72000       72.00000

   Energies (kJ/mol)
        LJ (SR)   Coulomb (SR)   Coul. recip.      Potential    Kinetic En.
    1.67082e+04   -1.78615e+05    5.55262e+02   -1.61351e+05    2.90097e+04
   Total Energy  Conserved En.    Temperature Pressure (bar)
   -1.32341e+05   -1.54829e+05    2.99787e+02   -1.33467e+03


DD  step 72999 load imb.: force  9.6%  pme mesh/force 0.541
           Step           Time
          73000       73.00000

   Energies (kJ/mol)
        LJ (SR)   Coulomb (SR)   Coul. recip.      Potential    Kinetic En.
    1.70406e+04   -1.78255e+05    5.76841e+02   -1.60638e+05    2.88999e+04
   Total Energy  Conserved En.    Temperature Pressure (bar)
   -1.31738e+05   -1.54802e+05    2.98652e+02   -1.13405e+03


DD  step 73999 load imb.: force  8.1%  pme mesh/force 0.563
           Step           Time
          74000       74.00000

   Energies (kJ/mol)
        LJ (SR)   Coulomb (SR)   Coul. recip.      Potential    Kinetic En.
    1.70206e+04   -1.78960e+05    5.49122e+02   -1.61391e+05    2.92458e+04
   Total Energy  Conserved En.    Temperature Pressure (bar)
   -1.32145e+05   -1.54797e+05    3.02226e+02   -1.17699e+03


DD  step 74999 load imb.: force  7.5%  pme mesh/force 0.579
           Step           Time
          75000       75.00000

   Energies (kJ/mol)
        LJ (SR)   Coulomb (SR)   Coul. recip.      Potential    Kinetic En.
    1.75479e+04   -1.79029e+05    5.69995e+02   -1.60911e+05    2.90509e+04
   Total Energy  Conserved En.    Temperature Pressure (bar)
   -1.31861e+05   -1.54804e+05    3.00212e+02   -8.93244e+02


DD  step 75999 load imb.: force  9.5%  pme mesh/force 0.590
           Step           Time
          76000       76.00000

   Energies (kJ/mol)
        LJ (SR)   Coulomb (SR)   Coul. recip.      Potential    Kinetic En.
    1.67901e+04   -1.78314e+05    5.45229e+02   -1.60979e+05    2.92805e+04
   Total Energy  Conserved En.    Temperature Pressure (bar)
   -1.31698e+05   -1.54796e+05    3.02584e+02   -1.21531e+03


DD  step 76999 load imb.: force  9.7%  pme mesh/force 0.585
           Step           Time
          77000       77.00000

   Energies (kJ/mol)
        LJ (SR)   Coulomb (SR)   Coul. recip.      Potential    Kinetic En.
    1.69128e+04   -1.78100e+05    6.04420e+02   -1.60582e+05    2.89760e+04
   Total Energy  Conserved En.    Temperature Pressure (bar)
   -1.31606e+05   -1.54799e+05    2.99439e+02   -1.08353e+03


DD  step 77999 load imb.: force 10.6%  pme mesh/force 0.572
           Step           Time
          78000       78.00000

   Energies (kJ/mol)
        LJ (SR)   Coulomb (SR)   Coul. recip.      Potential    Kinetic En.
    1.67859e+04   -1.78063e+05    5.63046e+02   -1.60714e+05    2.91313e+04
   Total Energy  Conserved En.    Temperature Pressure (bar)
   -1.31582e+05   -1.54813e+05    3.01043e+02   -1.15778e+03


DD  step 78999 load imb.: force  9.2%  pme mesh/force 0.538
           Step           Time
          79000       79.00000

   Energies (kJ/mol)
        LJ (SR)   Coulomb (SR)   Coul. recip.      Potential    Kinetic En.
    1.74699e+04   -1.79421e+05    5.77624e+02   -1.61374e+05    2.83841e+04
   Total Energy  Conserved En.    Temperature Pressure (bar)
   -1.32990e+05   -1.54798e+05    2.93322e+02   -1.06727e+03


DD  step 79999 load imb.: force 11.6%  pme mesh/force 0.599
           Step           Time
          80000       80.00000

   Energies (kJ/mol)
        LJ (SR)   Coulomb (SR)   Coul. recip.      Potential    Kinetic En.
    1.68013e+04   -1.78226e+05    5.26240e+02   -1.60898e+05    2.91013e+04
   Total Energy  Conserved En.    Temperature Pressure (bar)
   -1.31797e+05   -1.54801e+05    3.00733e+02   -1.25827e+03


DD  step 80999 load imb.: force  8.4%  pme mesh/force 0.569
           Step           Time
          81000       81.00000

   Energies (kJ/mol)
        LJ (SR)   Coulomb (SR)   Coul. recip.      Potential    Kinetic En.
    1.71566e+04   -1.78730e+05    5.62676e+02   -1.61011e+05    2.91421e+04
   Total Energy  Conserved En.    Temperature Pressure (bar)
   -1.31869e+05   -1.54824e+05    3.01154e+02   -1.07339e+03


DD  step 81999 load imb.: force  9.4%  pme mesh/force 0.620
           Step           Time
          82000       82.00000

   Energies (kJ/mol)
        LJ (SR)   Coulomb (SR)   Coul. recip.      Potential    Kinetic En.
    1.66115e+04   -1.77604e+05    5.75136e+02   -1.60417e+05    2.84564e+04
   Total Energy  Conserved En.    Temperature Pressure (bar)
   -1.31961e+05   -1.54789e+05    2.94069e+02   -1.29649e+03


DD  step 82999 load imb.: force  8.3%  pme mesh/force 0.627
           Step           Time
          83000       83.00000

   Energies (kJ/mol)
        LJ (SR)   Coulomb (SR)   Coul. recip.      Potential    Kinetic En.
    1.68867e+04   -1.78048e+05    5.44087e+02   -1.60617e+05    2.91199e+04
   Total Energy  Conserved En.    Temperature Pressure (bar)
   -1.31497e+05   -1.54794e+05    3.00926e+02   -1.14076e+03


DD  step 83999 load imb.: force 10.1%  pme mesh/force 0.600
           Step           Time
          84000       84.00000

   Energies (kJ/mol)
        LJ (SR)   Coulomb (SR)   Coul. recip.      Potential    Kinetic En.
    1.69447e+04   -1.79102e+05    5.62482e+02   -1.61595e+05    2.87206e+04
   Total Energy  Conserved En.    Temperature Pressure (bar)
   -1.32875e+05   -1.54829e+05    2.96799e+02   -1.23093e+03


DD  step 84999 load imb.: force 11.2%  pme mesh/force 0.597
           Step           Time
          85000       85.00000

   Energies (kJ/mol)
        LJ (SR)   Coulomb (SR)   Coul. recip.      Potential    Kinetic En.
    1.65248e+04   -1.77897e+05    5.63325e+02   -1.60809e+05    2.92792e+04
   Total Energy  Conserved En.    Temperature Pressure (bar)
   -1.31530e+05   -1.54837e+05    3.02571e+02   -1.30723e+03


DD  step 85999 load imb.: force 10.8%  pme mesh/force 0.612
           Step           Time
          86000       86.00000

   Energies (kJ/mol)
        LJ (SR)   Coulomb (SR)   Coul. recip.      Potential    Kinetic En.
    1.74841e+04   -1.78864e+05    5.81416e+02   -1.60798e+05    2.94352e+04
   Total Energy  Conserved En.    Temperature Pressure (bar)
   -1.31363e+05   -1.54754e+05    3.04184e+02   -8.54050e+02


DD  step 86999 load imb.: force 11.1%  pme mesh/force 0.609
           Step           Time
          87000       87.00000

   Energies (kJ/mol)
        LJ (SR)   Coulomb (SR)   Coul. recip.      Potential    Kinetic En.
    1.75408e+04   -1.79006e+05    5.34262e+02   -1.60931e+05    2.95989e+04
   Total Energy  Conserved En.    Temperature Pressure (bar)
   -1.31332e+05   -1.54737e+05    3.05875e+02   -8.16426e+02


DD  step 87999 load imb.: force 11.0%  pme mesh/force 0.610
           Step           Time
          88000       88.00000

   Energies (kJ/mol)
        LJ (SR)   Coulomb (SR)   Coul. recip.      Potential    Kinetic En.
    1.67741e+04   -1.77883e+05    5.64692e+02   -1.60545e+05    2.89587e+04
   Total Energy  Conserved En.    Temperature Pressure (bar)
   -1.31586e+05   -1.54753e+05    2.99259e+02   -1.21272e+03


DD  step 88999 load imb.: force  9.6%  pme mesh/force 0.594
           Step           Time
          89000       89.00000

   Energies (kJ/mol)
        LJ (SR)   Coulomb (SR)   Coul. recip.      Potential    Kinetic En.
    1.75293e+04   -1.79335e+05    5.46796e+02   -1.61259e+05    2.90702e+04
   Total Energy  Conserved En.    Temperature Pressure (bar)
   -1.32189e+05   -1.54778e+05    3.00412e+02   -9.61217e+02


DD  step 89999 load imb.: force 10.4%  pme mesh/force 0.572
           Step           Time
          90000       90.00000

   Energies (kJ/mol)
        LJ (SR)   Coulomb (SR)   Coul. recip.      Potential    Kinetic En.
    1.70797e+04   -1.78935e+05    5.76134e+02   -1.61279e+05    2.93865e+04
   Total Energy  Conserved En.    Temperature Pressure (bar)
   -1.31892e+05   -1.54753e+05    3.03680e+02   -1.09227e+03


DD  step 90999 load imb.: force  9.0%  pme mesh/force 0.575
           Step           Time
          91000       91.00000

   Energies (kJ/mol)
        LJ (SR)   Coulomb (SR)   Coul. recip.      Potential    Kinetic En.
    1.72622e+04   -1.78785e+05    5.63121e+02   -1.60960e+05    2.89442e+04
   Total Energy  Conserved En.    Temperature Pressure (bar)
   -1.32016e+05   -1.54783e+05    2.99110e+02   -1.13012e+03


DD  step 91999 load imb.: force  8.9%  pme mesh/force 0.579
           Step           Time
          92000       92.00000

   Energies (kJ/mol)
        LJ (SR)   Coulomb (SR)   Coul. recip.      Potential    Kinetic En.
    1.73502e+04   -1.79118e+05    6.10738e+02   -1.61157e+05    2.88157e+04
   Total Energy  Conserved En.    Temperature Pressure (bar)
   -1.32342e+05   -1.54800e+05    2.97782e+02   -1.01911e+03


DD  step 92999 load imb.: force  8.9%  pme mesh/force 0.575
           Step           Time
          93000       93.00000

   Energies (kJ/mol)
        LJ (SR)   Coulomb (SR)   Coul. recip.      Potential    Kinetic En.
    1.65456e+04   -1.77872e+05    5.69864e+02   -1.60757e+05    2.94645e+04
   Total Energy  Conserved En.    Temperature Pressure (bar)
   -1.31292e+05   -1.54782e+05    3.04486e+02   -1.27772e+03


DD  step 93999 load imb.: force  8.1%  pme mesh/force 0.558
           Step           Time
          94000       94.00000

   Energies (kJ/mol)
        LJ (SR)   Coulomb (SR)   Coul. recip.      Potential    Kinetic En.
    1.71352e+04   -1.78373e+05    5.69867e+02   -1.60668e+05    2.88103e+04
   Total Energy  Conserved En.    Temperature Pressure (bar)
   -1.31857e+05   -1.54776e+05    2.97726e+02   -1.00119e+03


DD  step 94999 load imb.: force  7.3%  pme mesh/force 0.580
           Step           Time
          95000       95.00000

   Energies (kJ/mol)
        LJ (SR)   Coulomb (SR)   Coul. recip.      Potential    Kinetic En.
    1.67245e+04   -1.78151e+05    5.58182e+02   -1.60868e+05    2.95444e+04
   Total Energy  Conserved En.    Temperature Pressure (bar)
   -1.31324e+05   -1.54738e+05    3.05312e+02   -1.20640e+03


DD  step 95999 load imb.: force  7.5%  pme mesh/force 0.589
           Step           Time
          96000       96.00000

   Energies (kJ/mol)
        LJ (SR)   Coulomb (SR)   Coul. recip.      Potential    Kinetic En.
    1.66791e+04   -1.77845e+05    5.48942e+02   -1.60617e+05    2.92227e+04
   Total Energy  Conserved En.    Temperature Pressure (bar)
   -1.31394e+05   -1.54732e+05    3.01988e+02   -1.19129e+03


DD  step 96999 load imb.: force  8.9%  pme mesh/force 0.575
           Step           Time
          97000       97.00000

   Energies (kJ/mol)
        LJ (SR)   Coulomb (SR)   Coul. recip.      Potential    Kinetic En.
    1.69298e+04   -1.78396e+05    5.70464e+02   -1.60896e+05    2.88029e+04
   Total Energy  Conserved En.    Temperature Pressure (bar)
   -1.32093e+05   -1.54714e+05    2.97649e+02   -1.16120e+03


DD  step 97999 load imb.: force 10.1%  pme mesh/force 0.591
           Step           Time
          98000       98.00000

   Energies (kJ/mol)
        LJ (SR)   Coulomb (SR)   Coul. recip.      Potential    Kinetic En.
    1.71278e+04   -1.79340e+05    5.85718e+02   -1.61627e+05    2.93173e+04
   Total Energy  Conserved En.    Temperature Pressure (bar)
   -1.32310e+05   -1.54725e+05    3.02966e+02   -1.15923e+03


DD  step 98999 load imb.: force 11.7%  pme mesh/force 0.628
           Step           Time
          99000       99.00000

   Energies (kJ/mol)
        LJ (SR)   Coulomb (SR)   Coul. recip.      Potential    Kinetic En.
    1.70152e+04   -1.79148e+05    5.90332e+02   -1.61543e+05    2.88211e+04
   Total Energy  Conserved En.    Temperature Pressure (bar)
   -1.32722e+05   -1.54748e+05    2.97838e+02   -1.25862e+03


DD  step 99999 load imb.: force  8.3%  pme mesh/force 0.560
           Step           Time
         100000      100.00000

   Energies (kJ/mol)
        LJ (SR)   Coulomb (SR)   Coul. recip.      Potential    Kinetic En.
    1.74464e+04   -1.79126e+05    5.07321e+02   -1.61173e+05    2.88007e+04
   Total Energy  Conserved En.    Temperature Pressure (bar)
   -1.32372e+05   -1.54748e+05    2.97627e+02   -9.69491e+02


DD  step 100999 load imb.: force  7.1%  pme mesh/force 0.570
           Step           Time
         101000      101.00000

   Energies (kJ/mol)
        LJ (SR)   Coulomb (SR)   Coul. recip.      Potential    Kinetic En.
    1.71056e+04   -1.79098e+05    5.70849e+02   -1.61422e+05    2.90547e+04
   Total Energy  Conserved En.    Temperature Pressure (bar)
   -1.32367e+05   -1.54761e+05    3.00251e+02   -1.14802e+03


DD  step 101999 load imb.: force  7.9%  pme mesh/force 0.602
           Step           Time
         102000      102.00000

   Energies (kJ/mol)
        LJ (SR)   Coulomb (SR)   Coul. recip.      Potential    Kinetic En.
    1.66638e+04   -1.78570e+05    6.04081e+02   -1.61302e+05    2.91579e+04
   Total Energy  Conserved En.    Temperature Pressure (bar)
   -1.32144e+05   -1.54772e+05    3.01318e+02   -1.38958e+03


DD  step 102999 load imb.: force  9.9%  pme mesh/force 0.579
           Step           Time
         103000      103.00000

   Energies (kJ/mol)
        LJ (SR)   Coulomb (SR)   Coul. recip.      Potential    Kinetic En.
    1.71275e+04   -1.78787e+05    5.39481e+02   -1.61120e+05    2.90431e+04
   Total Energy  Conserved En.    Temperature Pressure (bar)
   -1.32077e+05   -1.54766e+05    3.00132e+02   -1.04258e+03


DD  step 103999 load imb.: force  5.7%  pme mesh/force 0.562
           Step           Time
         104000      104.00000

   Energies (kJ/mol)
        LJ (SR)   Coulomb (SR)   Coul. recip.      Potential    Kinetic En.
    1.70662e+04   -1.78954e+05    5.45542e+02   -1.61342e+05    2.91094e+04
   Total Energy  Conserved En.    Temperature Pressure (bar)
   -1.32233e+05   -1.54761e+05    3.00817e+02   -1.15238e+03


DD  step 104999 load imb.: force  8.0%  pme mesh/force 0.534
           Step           Time
         105000      105.00000

   Energies (kJ/mol)
        LJ (SR)   Coulomb (SR)   Coul. recip.      Potential    Kinetic En.
    1.64434e+04   -1.78484e+05    5.80709e+02   -1.61460e+05    2.93513e+04
   Total Energy  Conserved En.    Temperature Pressure (bar)
   -1.32108e+05   -1.54741e+05    3.03316e+02   -1.53426e+03


DD  step 105999 load imb.: force  9.0%  pme mesh/force 0.583
           Step           Time
         106000      106.00000

   Energies (kJ/mol)
        LJ (SR)   Coulomb (SR)   Coul. recip.      Potential    Kinetic En.
    1.68416e+04   -1.78154e+05    5.56105e+02   -1.60757e+05    2.92903e+04
   Total Energy  Conserved En.    Temperature Pressure (bar)
   -1.31466e+05   -1.54753e+05    3.02686e+02   -1.10215e+03


DD  step 106999 load imb.: force  8.1%  pme mesh/force 0.569
           Step           Time
         107000      107.00000

   Energies (kJ/mol)
        LJ (SR)   Coulomb (SR)   Coul. recip.      Potential    Kinetic En.
    1.75823e+04   -1.79476e+05    5.63776e+02   -1.61330e+05    2.98403e+04
   Total Energy  Conserved En.    Temperature Pressure (bar)
   -1.31489e+05   -1.54770e+05    3.08370e+02   -8.83969e+02


DD  step 107999 load imb.: force 10.8%  pme mesh/force 0.600
           Step           Time
         108000      108.00000

   Energies (kJ/mol)
        LJ (SR)   Coulomb (SR)   Coul. recip.      Potential    Kinetic En.
    1.70364e+04   -1.77711e+05    6.29081e+02   -1.60046e+05    2.94897e+04
   Total Energy  Conserved En.    Temperature Pressure (bar)
   -1.30556e+05   -1.54775e+05    3.04747e+02   -9.40819e+02


DD  step 108999 load imb.: force 11.5%  pme mesh/force 0.560
           Step           Time
         109000      109.00000

   Energies (kJ/mol)
        LJ (SR)   Coulomb (SR)   Coul. recip.      Potential    Kinetic En.
    1.63534e+04   -1.77606e+05    5.69958e+02   -1.60683e+05    2.95124e+04
   Total Energy  Conserved En.    Temperature Pressure (bar)
   -1.31171e+05   -1.54750e+05    3.04981e+02   -1.39355e+03


DD  step 109999 load imb.: force 10.7%  pme mesh/force 0.591
           Step           Time
         110000      110.00000

   Energies (kJ/mol)
        LJ (SR)   Coulomb (SR)   Coul. recip.      Potential    Kinetic En.
    1.77097e+04   -1.79068e+05    5.28753e+02   -1.60830e+05    2.92008e+04
   Total Energy  Conserved En.    Temperature Pressure (bar)
   -1.31629e+05   -1.54731e+05    3.01761e+02   -7.98886e+02


DD  step 110999 load imb.: force  8.5%  pme mesh/force 0.575
           Step           Time
         111000      111.00000

   Energies (kJ/mol)
        LJ (SR)   Coulomb (SR)   Coul. recip.      Potential    Kinetic En.
    1.70403e+04   -1.78412e+05    5.66980e+02   -1.60804e+05    2.91833e+04
   Total Energy  Conserved En.    Temperature Pressure (bar)
   -1.31621e+05   -1.54748e+05    3.01581e+02   -1.10626e+03


DD  step 111999 load imb.: force 11.0%  pme mesh/force 0.660
           Step           Time
         112000      112.00000

   Energies (kJ/mol)
        LJ (SR)   Coulomb (SR)   Coul. recip.      Potential    Kinetic En.
    1.70562e+04   -1.78382e+05    5.59774e+02   -1.60766e+05    2.91817e+04
   Total Energy  Conserved En.    Temperature Pressure (bar)
   -1.31585e+05   -1.54709e+05    3.01564e+02   -1.01433e+03


DD  step 112999 load imb.: force  9.9%  pme mesh/force 0.610
           Step           Time
         113000      113.00000

   Energies (kJ/mol)
        LJ (SR)   Coulomb (SR)   Coul. recip.      Potential    Kinetic En.
    1.71753e+04   -1.79247e+05    5.69121e+02   -1.61502e+05    2.91411e+04
   Total Energy  Conserved En.    Temperature Pressure (bar)
   -1.32361e+05   -1.54740e+05    3.01144e+02   -1.14157e+03


DD  step 113999 load imb.: force 10.8%  pme mesh/force 0.549
           Step           Time
         114000      114.00000

   Energies (kJ/mol)
        LJ (SR)   Coulomb (SR)   Coul. recip.      Potential    Kinetic En.
    1.68586e+04   -1.78180e+05    5.43326e+02   -1.60778e+05    2.88646e+04
   Total Energy  Conserved En.    Temperature Pressure (bar)
   -1.31913e+05   -1.54721e+05    2.98287e+02   -1.15908e+03


DD  step 114999 load imb.: force 10.6%  pme mesh/force 0.582
           Step           Time
         115000      115.00000

   Energies (kJ/mol)
        LJ (SR)   Coulomb (SR)   Coul. recip.      Potential    Kinetic En.
    1.75452e+04   -1.79123e+05    5.93679e+02   -1.60984e+05    2.84806e+04
   Total Energy  Conserved En.    Temperature Pressure (bar)
   -1.32503e+05   -1.54754e+05    2.94318e+02   -9.31970e+02


DD  step 115999 load imb.: force 10.7%  pme mesh/force 0.595
           Step           Time
         116000      116.00000

   Energies (kJ/mol)
        LJ (SR)   Coulomb (SR)   Coul. recip.      Potential    Kinetic En.
    1.73824e+04   -1.79091e+05    6.09124e+02   -1.61099e+05    2.87614e+04
   Total Energy  Conserved En.    Temperature Pressure (bar)
   -1.32338e+05   -1.54755e+05    2.97221e+02   -9.66423e+02


DD  step 116999 load imb.: force  8.4%  pme mesh/force 0.593
           Step           Time
         117000      117.00000

   Energies (kJ/mol)
        LJ (SR)   Coulomb (SR)   Coul. recip.      Potential    Kinetic En.
    1.69767e+04   -1.78438e+05    5.94332e+02   -1.60867e+05    2.92119e+04
   Total Energy  Conserved En.    Temperature Pressure (bar)
   -1.31655e+05   -1.54713e+05    3.01876e+02   -1.08492e+03


DD  step 117999 load imb.: force 10.7%  pme mesh/force 0.582
           Step           Time
         118000      118.00000

   Energies (kJ/mol)
        LJ (SR)   Coulomb (SR)   Coul. recip.      Potential    Kinetic En.
    1.65238e+04   -1.78195e+05    5.97812e+02   -1.61073e+05    2.91215e+04
   Total Energy  Conserved En.    Temperature Pressure (bar)
   -1.31951e+05   -1.54763e+05    3.00942e+02   -1.38447e+03


DD  step 118999 load imb.: force  8.9%  pme mesh/force 0.557
           Step           Time
         119000      119.00000

   Energies (kJ/mol)
        LJ (SR)   Coulomb (SR)   Coul. recip.      Potential    Kinetic En.
    1.75456e+04   -1.78943e+05    5.89013e+02   -1.60808e+05    2.92474e+04
   Total Energy  Conserved En.    Temperature Pressure (bar)
   -1.31561e+05   -1.54721e+05    3.02243e+02   -8.71194e+02


DD  step 119999 load imb.: force  9.5%  pme mesh/force 0.585
           Step           Time
         120000      120.00000

   Energies (kJ/mol)
        LJ (SR)   Coulomb (SR)   Coul. recip.      Potential    Kinetic En.
    1.77468e+04   -1.78967e+05    5.66535e+02   -1.60654e+05    2.94214e+04
   Total Energy  Conserved En.    Temperature Pressure (bar)
   -1.31232e+05   -1.54686e+05    3.04041e+02   -6.99835e+02


DD  step 120999 load imb.: force 10.2%  pme mesh/force 0.599
           Step           Time
         121000      121.00000

   Energies (kJ/mol)
        LJ (SR)   Coulomb (SR)   Coul. recip.      Potential    Kinetic En.
    1.72787e+04   -1.78454e+05    5.70816e+02   -1.60605e+05    2.94819e+04
   Total Energy  Conserved En.    Temperature Pressure (bar)
   -1.31123e+05   -1.54712e+05    3.04666e+02   -9.13575e+02


DD  step 121999 load imb.: force  9.5%  pme mesh/force 0.559
           Step           Time
         122000      122.00000

   Energies (kJ/mol)
        LJ (SR)   Coulomb (SR)   Coul. recip.      Potential    Kinetic En.
    1.76591e+04   -1.79512e+05    5.42242e+02   -1.61311e+05    2.94126e+04
   Total Energy  Conserved En.    Temperature Pressure (bar)
   -1.31898e+05   -1.54694e+05    3.03950e+02   -8.84170e+02


DD  step 122999 load imb.: force  9.0%  pme mesh/force 0.557
           Step           Time
         123000      123.00000

   Energies (kJ/mol)
        LJ (SR)   Coulomb (SR)   Coul. recip.      Potential    Kinetic En.
    1.69912e+04   -1.78223e+05    5.62839e+02   -1.60669e+05    2.95065e+04
   Total Energy  Conserved En.    Temperature Pressure (bar)
   -1.31163e+05   -1.54736e+05    3.04920e+02   -1.06200e+03


DD  step 123999 load imb.: force 10.1%  pme mesh/force 0.612
           Step           Time
         124000      124.00000

   Energies (kJ/mol)
        LJ (SR)   Coulomb (SR)   Coul. recip.      Potential    Kinetic En.
    1.68502e+04   -1.77872e+05    5.88252e+02   -1.60433e+05    2.89801e+04
   Total Energy  Conserved En.    Temperature Pressure (bar)
   -1.31453e+05   -1.54701e+05    2.99480e+02   -1.17194e+03


DD  step 124999 load imb.: force  7.6%  pme mesh/force 0.568
           Step           Time
         125000      125.00000

Writing checkpoint, step 125000 at Wed Mar 13 10:38:49 2024


   Energies (kJ/mol)
        LJ (SR)   Coulomb (SR)   Coul. recip.      Potential    Kinetic En.
    1.69232e+04   -1.78758e+05    5.99248e+02   -1.61236e+05    2.93979e+04
   Total Energy  Conserved En.    Temperature Pressure (bar)
   -1.31838e+05   -1.54723e+05    3.03798e+02   -1.18885e+03


	<======  ###############  ==>
	<====  A V E R A G E S  ====>
	<==  ###############  ======>

	Statistics over 125001 steps using 1251 frames

   Energies (kJ/mol)
        LJ (SR)   Coulomb (SR)   Coul. recip.      Potential    Kinetic En.
    1.70635e+04   -1.78716e+05    5.69974e+02   -1.61082e+05    2.90339e+04
   Total Energy  Conserved En.    Temperature Pressure (bar)
   -1.32048e+05   -1.54867e+05    3.00037e+02   -1.12591e+03

   Total Virial (kJ/mol)
    1.39046e+04    3.91968e+01    8.69699e-01
    3.92382e+01    1.39201e+04    1.01623e+01
    1.12115e+00    1.02386e+01    1.39225e+04

   Pressure (bar)
   -1.12279e+03   -1.13382e+01    5.96460e-01
   -1.13492e+01   -1.12817e+03   -3.23275e+00
    5.29653e-01   -3.25302e+00   -1.12676e+03


	M E G A - F L O P S   A C C O U N T I N G

 NB=Group-cutoff nonbonded kernels    NxN=N-by-N cluster Verlet kernels
 RF=Reaction-Field  VdW=Van der Waals  QSTab=quadratic-spline table
 W3=SPC/TIP3p  W4=TIP4p (single or pairs)
 V&F=Potential and force  V=Potential only  F=Force only

 Computing:                               M-Number         M-Flops  % Flops
-----------------------------------------------------------------------------
 Pair Search distance check            8603.912552       77435.213     0.1
 NxN Ewald Elec. + LJ [F]           1311018.320304   102259428.984    94.7
 NxN Ewald Elec. + LJ [V&F]           13253.256128     1709670.041     1.6
 NxN Ewald Elec. [F]                   6557.267376      399993.310     0.4
 NxN Ewald Elec. [V&F]                   66.292736        5568.590     0.0
 Calc Weights                          4362.409899      157046.756     0.1
 Spread Q Bspline                     93064.744512      186129.489     0.2
 Gather F Bspline                     93064.744512      558388.467     0.5
 3D-FFT                              299631.897036     2397055.176     2.2
 Solve PME                              441.003528       28224.226     0.0
 Reset In Box                            14.529617          43.589     0.0
 CG-CoM                                  14.564516          43.694     0.0
 Virial                                  16.579503         298.431     0.0
 Stop-CM                                 14.564516         145.645     0.0
 Calc-Ekin                              145.435766        3926.766     0.0
 Constraint-V                          1452.398238       11619.186     0.0
 Constraint-Vir                          14.535369         348.849     0.0
 Settle                                 484.136619      156376.128     0.1
-----------------------------------------------------------------------------
 Total                                               107951742.538   100.0
-----------------------------------------------------------------------------


    D O M A I N   D E C O M P O S I T I O N   S T A T I S T I C S

 av. #atoms communicated per step for force:  2 x 63381.9


Dynamic load balancing report:
 DLB got disabled because it was unsuitable to use.
 Average load imbalance: 9.7%.
 The balanceable part of the MD step is 85%, load imbalance is computed from this.
 Part of the total run time spent waiting due to load imbalance: 8.2%.
 Average PME mesh/force load: 0.601
 Part of the total run time spent waiting due to PP/PME imbalance: 9.3 %

NOTE: 8.2 % of the available CPU time was lost due to load imbalance
      in the domain decomposition.
      You might want to use dynamic load balancing (option -dlb.)
      You can also consider manually changing the decomposition (option -dd);
      e.g. by using fewer domains along the box dimension in which there is
      considerable inhomogeneity in the simulated system.
NOTE: 9.3 % performance was lost because the PME ranks
      had less work to do than the PP ranks.
      You might want to decrease the number of PME ranks
      or decrease the cut-off and the grid spacing.


     R E A L   C Y C L E   A N D   T I M E   A C C O U N T I N G

On 36 MPI ranks doing PP, and
on 12 MPI ranks doing PME

 Computing:          Num   Num      Call    Wall time         Giga-Cycles
                     Ranks Threads  Count      (s)         total sum    %
-----------------------------------------------------------------------------
 Domain decomp.        36    1       1251       0.442         46.085   0.4
 DD comm. load         36    1       1250       0.008          0.848   0.0
 DD comm. bounds       36    1        218       0.008          0.832   0.0
 Send X to PME         36    1     125001       0.094          9.787   0.1
 Neighbor search       36    1       1251       0.870         90.575   0.7
 Comm. coord.          36    1     123750       6.011        626.047   4.9
 Force                 36    1     125001      70.030       7293.706  57.4
 Wait + Comm. F        36    1     125001       9.704       1010.707   8.0
 PME mesh *            12    1     125001      46.783       1624.167  12.8
 PME wait for PP *                             44.416       1541.972  12.1
 Wait + Recv. PME F    36    1     125001       1.338        139.309   1.1
 NB X/F buffer ops.    36    1     372501       1.269        132.123   1.0
 Write traj.           36    1         26       0.014          1.439   0.0
 Update                36    1     125001       0.196         20.465   0.2
 Constraints           36    1     125003       0.603         62.788   0.5
 Comm. energies        36    1       6251       0.833         86.789   0.7
 Rest                                           0.100         10.446   0.1
-----------------------------------------------------------------------------
 Total                                         91.521      12709.262 100.0
-----------------------------------------------------------------------------
(*) Note that with separate PME ranks, the walltime column actually sums to
    twice the total reported, but the cycle count total and % are correct.
-----------------------------------------------------------------------------
 Breakdown of PME mesh computation
-----------------------------------------------------------------------------
 PME redist. X/F       12    1     250002       9.127        316.850   2.5
 PME spread            12    1     125001       7.729        268.326   2.1
 PME gather            12    1     125001      11.802        409.726   3.2
 PME 3D-FFT            12    1     250002      11.630        403.740   3.2
 PME 3D-FFT Comm.      12    1     500004       5.629        195.428   1.5
 PME solve Elec        12    1     125001       0.784         27.207   0.2
-----------------------------------------------------------------------------

               Core t (s)   Wall t (s)        (%)
       Time:     4392.821       91.521     4799.8
                 (ns/day)    (hour/ns)
Performance:      118.007        0.203
Finished mdrun on rank 0 Wed Mar 13 10:38:49 2024

