No protocol specified
--------------------------------------------------------------------------
WARNING: There was an error initializing an OpenFabrics device.

  Local host:   gr018
  Local device: mlx5_0
--------------------------------------------------------------------------
                       :-) GROMACS - gmx mdrun, 2023 (-:

Executable:   /ext3/apps/gromacs/2023/bin/gmx_mpi
Data prefix:  /ext3/apps/gromacs/2023
Working dir:  /home/mp6576/comp-class-2023/comp-lab-class-2023/Week4/Setup/TrpCage_AMBER/gromacs
Command line:
  gmx_mpi mdrun -v -noconfout -dlb no -deffnm step5_production -pin on -ntomp 12 -pme gpu -bonded gpu -update gpu


-------------------------------------------------------
Program:     gmx mdrun, version 2023
Source file: src/gromacs/options/options.cpp (line 177)
Function:    void gmx::internal::OptionSectionImpl::finish()

Error in user input:
Invalid input values
  In option s
    Required option was not provided, and the default file 'topol' does not
    exist or is not accessible.
    The following extensions were tried to complete the file name:
      .tpr

For more information and tips for troubleshooting, please check the GROMACS
website at http://www.gromacs.org/Documentation/Errors
-------------------------------------------------------
--------------------------------------------------------------------------
MPI_ABORT was invoked on rank 0 in communicator MPI_COMM_WORLD
with errorcode 1.

NOTE: invoking MPI_ABORT causes Open MPI to kill all MPI processes.
You may or may not see output from other processes, depending on
exactly when Open MPI kills them.
--------------------------------------------------------------------------
