Log file opened on Mon Nov 27 10:21:09 2023
Host: cs322.hpc.nyu.edu  pid: 2006143  rank ID: 0  number of ranks:  1
                      :-) GROMACS - gmx mdrun, 2018.3 (-:

                            GROMACS is written by:
     Emile Apol      Rossen Apostolov      Paul Bauer     Herman J.C. Berendsen
    Par Bjelkmar    Aldert van Buuren   Rudi van Drunen     Anton Feenstra  
  Gerrit Groenhof    Aleksei Iupinov   Christoph Junghans   Anca Hamuraru   
 Vincent Hindriksen Dimitrios Karkoulis    Peter Kasson        Jiri Kraus    
  Carsten Kutzner      Per Larsson      Justin A. Lemkul    Viveca Lindahl  
  Magnus Lundborg   Pieter Meulenhoff    Erik Marklund      Teemu Murtola   
    Szilard Pall       Sander Pronk      Roland Schulz     Alexey Shvetsov  
   Michael Shirts     Alfons Sijbers     Peter Tieleman    Teemu Virolainen 
 Christian Wennberg    Maarten Wolf   
                           and the project leaders:
        Mark Abraham, Berk Hess, Erik Lindahl, and David van der Spoel

Copyright (c) 1991-2000, University of Groningen, The Netherlands.
Copyright (c) 2001-2017, The GROMACS development team at
Uppsala University, Stockholm University and
the Royal Institute of Technology, Sweden.
check out http://www.gromacs.org for more information.

GROMACS is free software; you can redistribute it and/or modify it
under the terms of the GNU Lesser General Public License
as published by the Free Software Foundation; either version 2.1
of the License, or (at your option) any later version.

GROMACS:      gmx mdrun, version 2018.3
Executable:   /share/apps/gromacs/2018.3/openmpi/intel/bin/gmx_mpi
Data prefix:  /share/apps/gromacs/2018.3/openmpi/intel
Working dir:  /home/mp6576/comp-class-2023/comp-lab-class-2023/Week3/Data
Command line:
  gmx_mpi mdrun -v -deffnm npt

GROMACS version:    2018.3
Precision:          single
Memory model:       64 bit
MPI library:        MPI
OpenMP support:     disabled
GPU support:        disabled
SIMD instructions:  NONE
FFT library:        Intel MKL
RDTSCP usage:       disabled
TNG support:        enabled
Hwloc support:      hwloc-1.11.6
Tracing support:    disabled
Built on:           2021-01-27 00:36:36
Built by:           wang@cs001.nyu.cluster [CMAKE]
Build OS/arch:      Linux 4.18.0-193.28.1.el8_2.x86_64 x86_64
Build CPU vendor:   Unknown
Build CPU brand:    Unknown
Build CPU family:   0   Model: 0   Stepping: 0
Build CPU features: Unknown
C compiler:         /share/apps/openmpi/4.0.5/intel/bin/mpicc Intel 19.1.2.20200623
C compiler flags:      -mkl=sequential  -std=gnu99 -wd3180  -O3 -DNDEBUG -ip -funroll-all-loops -alias-const -ansi-alias -no-prec-div -fimf-domain-exclusion=14 -qoverride-limits  
C++ compiler:       /share/apps/openmpi/4.0.5/intel/bin/mpicxx Intel 19.1.2.20200623
C++ compiler flags:    -mkl=sequential  -std=c++11  -wd3180  -O3 -DNDEBUG -ip -funroll-all-loops -alias-const -ansi-alias -no-prec-div -fimf-domain-exclusion=14 -qoverride-limits  


Running on 1 node with total 48 cores, 48 logical cores
Hardware detected on host cs322.hpc.nyu.edu (the node of MPI rank 0):
  CPU info:
    Vendor: Intel
    Brand:  Intel(R) Xeon(R) Platinum 8268 CPU @ 2.90GHz
    Family: 6   Model: 85   Stepping: 7
    Features: aes apic avx avx2 avx512f avx512cd avx512bw avx512vl clfsh cmov cx8 cx16 f16c fma htt intel lahf mmx msr nonstop_tsc pcid pclmuldq pdcm pdpe1gb popcnt pse rdrnd rdtscp sse2 sse3 sse4.1 sse4.2 ssse3 tdt x2apic
    Number of AVX-512 FMA units: Cannot run AVX-512 detection - assuming 2
  Hardware topology: Only logical processor count

Highest SIMD level requested by all nodes in run: AVX_512
SIMD instructions selected at compile time:       None
This program was compiled for different hardware than you are running on,
which could influence performance.
The current CPU can measure timings more accurately than the code in
gmx mdrun was configured to use. This might affect your simulation
speed as accurate timings are needed for load-balancing.
Please consider rebuilding gmx mdrun with the GMX_USE_RDTSCP=ON CMake option.

++++ PLEASE READ AND CITE THE FOLLOWING REFERENCE ++++
M. J. Abraham, T. Murtola, R. Schulz, S. Páll, J. C. Smith, B. Hess, E.
Lindahl
GROMACS: High performance molecular simulations through multi-level
parallelism from laptops to supercomputers
SoftwareX 1 (2015) pp. 19-25
-------- -------- --- Thank You --- -------- --------


++++ PLEASE READ AND CITE THE FOLLOWING REFERENCE ++++
S. Páll, M. J. Abraham, C. Kutzner, B. Hess, E. Lindahl
Tackling Exascale Software Challenges in Molecular Dynamics Simulations with
GROMACS
In S. Markidis & E. Laure (Eds.), Solving Software Challenges for Exascale 8759 (2015) pp. 3-27
-------- -------- --- Thank You --- -------- --------


++++ PLEASE READ AND CITE THE FOLLOWING REFERENCE ++++
S. Pronk, S. Páll, R. Schulz, P. Larsson, P. Bjelkmar, R. Apostolov, M. R.
Shirts, J. C. Smith, P. M. Kasson, D. van der Spoel, B. Hess, and E. Lindahl
GROMACS 4.5: a high-throughput and highly parallel open source molecular
simulation toolkit
Bioinformatics 29 (2013) pp. 845-54
-------- -------- --- Thank You --- -------- --------


++++ PLEASE READ AND CITE THE FOLLOWING REFERENCE ++++
B. Hess and C. Kutzner and D. van der Spoel and E. Lindahl
GROMACS 4: Algorithms for highly efficient, load-balanced, and scalable
molecular simulation
J. Chem. Theory Comput. 4 (2008) pp. 435-447
-------- -------- --- Thank You --- -------- --------


++++ PLEASE READ AND CITE THE FOLLOWING REFERENCE ++++
D. van der Spoel, E. Lindahl, B. Hess, G. Groenhof, A. E. Mark and H. J. C.
Berendsen
GROMACS: Fast, Flexible and Free
J. Comp. Chem. 26 (2005) pp. 1701-1719
-------- -------- --- Thank You --- -------- --------


++++ PLEASE READ AND CITE THE FOLLOWING REFERENCE ++++
E. Lindahl and B. Hess and D. van der Spoel
GROMACS 3.0: A package for molecular simulation and trajectory analysis
J. Mol. Mod. 7 (2001) pp. 306-317
-------- -------- --- Thank You --- -------- --------


++++ PLEASE READ AND CITE THE FOLLOWING REFERENCE ++++
H. J. C. Berendsen, D. van der Spoel and R. van Drunen
GROMACS: A message-passing parallel molecular dynamics implementation
Comp. Phys. Comm. 91 (1995) pp. 43-56
-------- -------- --- Thank You --- -------- --------

Input Parameters:
   integrator                     = md
   tinit                          = 0
   dt                             = 0.002
   nsteps                         = 50000
   init-step                      = 0
   simulation-part                = 1
   comm-mode                      = Linear
   nstcomm                        = 100
   bd-fric                        = 0
   ld-seed                        = 1357688365
   emtol                          = 10
   emstep                         = 0.01
   niter                          = 20
   fcstep                         = 0
   nstcgsteep                     = 1000
   nbfgscorr                      = 10
   rtpi                           = 0.05
   nstxout                        = 500
   nstvout                        = 500
   nstfout                        = 0
   nstlog                         = 500
   nstcalcenergy                  = 100
   nstenergy                      = 500
   nstxout-compressed             = 0
   compressed-x-precision         = 1000
   cutoff-scheme                  = Verlet
   nstlist                        = 10
   ns-type                        = Grid
   pbc                            = xyz
   periodic-molecules             = false
   verlet-buffer-tolerance        = 0.005
   rlist                          = 1
   coulombtype                    = PME
   coulomb-modifier               = Potential-shift
   rcoulomb-switch                = 0
   rcoulomb                       = 1
   epsilon-r                      = 1
   epsilon-rf                     = inf
   vdw-type                       = Cut-off
   vdw-modifier                   = Potential-shift
   rvdw-switch                    = 0
   rvdw                           = 1
   DispCorr                       = EnerPres
   table-extension                = 1
   fourierspacing                 = 0.16
   fourier-nx                     = 44
   fourier-ny                     = 44
   fourier-nz                     = 44
   pme-order                      = 4
   ewald-rtol                     = 1e-05
   ewald-rtol-lj                  = 0.001
   lj-pme-comb-rule               = Geometric
   ewald-geometry                 = 0
   epsilon-surface                = 0
   implicit-solvent               = No
   gb-algorithm                   = Still
   nstgbradii                     = 1
   rgbradii                       = 1
   gb-epsilon-solvent             = 80
   gb-saltconc                    = 0
   gb-obc-alpha                   = 1
   gb-obc-beta                    = 0.8
   gb-obc-gamma                   = 4.85
   gb-dielectric-offset           = 0.009
   sa-algorithm                   = Ace-approximation
   sa-surface-tension             = 2.05016
   tcoupl                         = V-rescale
   nsttcouple                     = 10
   nh-chain-length                = 0
   print-nose-hoover-chain-variables = false
   pcoupl                         = Parrinello-Rahman
   pcoupltype                     = Isotropic
   nstpcouple                     = 10
   tau-p                          = 2
   compressibility (3x3):
      compressibility[    0]={ 4.50000e-05,  0.00000e+00,  0.00000e+00}
      compressibility[    1]={ 0.00000e+00,  4.50000e-05,  0.00000e+00}
      compressibility[    2]={ 0.00000e+00,  0.00000e+00,  4.50000e-05}
   ref-p (3x3):
      ref-p[    0]={ 1.00000e+00,  0.00000e+00,  0.00000e+00}
      ref-p[    1]={ 0.00000e+00,  1.00000e+00,  0.00000e+00}
      ref-p[    2]={ 0.00000e+00,  0.00000e+00,  1.00000e+00}
   refcoord-scaling               = COM
   posres-com (3):
      posres-com[0]= 4.97150e-01
      posres-com[1]= 5.02031e-01
      posres-com[2]= 4.99414e-01
   posres-comB (3):
      posres-comB[0]= 4.97150e-01
      posres-comB[1]= 5.02031e-01
      posres-comB[2]= 4.99414e-01
   QMMM                           = false
   QMconstraints                  = 0
   QMMMscheme                     = 0
   MMChargeScaleFactor            = 1
qm-opts:
   ngQM                           = 0
   constraint-algorithm           = Lincs
   continuation                   = true
   Shake-SOR                      = false
   shake-tol                      = 0.0001
   lincs-order                    = 4
   lincs-iter                     = 1
   lincs-warnangle                = 30
   nwall                          = 0
   wall-type                      = 9-3
   wall-r-linpot                  = -1
   wall-atomtype[0]               = -1
   wall-atomtype[1]               = -1
   wall-density[0]                = 0
   wall-density[1]                = 0
   wall-ewald-zfac                = 3
   pull                           = false
   awh                            = false
   rotation                       = false
   interactiveMD                  = false
   disre                          = No
   disre-weighting                = Conservative
   disre-mixed                    = false
   dr-fc                          = 1000
   dr-tau                         = 0
   nstdisreout                    = 100
   orire-fc                       = 0
   orire-tau                      = 0
   nstorireout                    = 100
   free-energy                    = no
   cos-acceleration               = 0
   deform (3x3):
      deform[    0]={ 0.00000e+00,  0.00000e+00,  0.00000e+00}
      deform[    1]={ 0.00000e+00,  0.00000e+00,  0.00000e+00}
      deform[    2]={ 0.00000e+00,  0.00000e+00,  0.00000e+00}
   simulated-tempering            = false
   swapcoords                     = no
   userint1                       = 0
   userint2                       = 0
   userint3                       = 0
   userint4                       = 0
   userreal1                      = 0
   userreal2                      = 0
   userreal3                      = 0
   userreal4                      = 0
   applied-forces:
     electric-field:
       x:
         E0                       = 0
         omega                    = 0
         t0                       = 0
         sigma                    = 0
       y:
         E0                       = 0
         omega                    = 0
         t0                       = 0
         sigma                    = 0
       z:
         E0                       = 0
         omega                    = 0
         t0                       = 0
         sigma                    = 0
grpopts:
   nrdf:     4920.79     63837.2
   ref-t:         300         300
   tau-t:         0.1         0.1
annealing:          No          No
annealing-npoints:           0           0
   acc:	           0           0           0
   nfreeze:           N           N           N
   energygrp-flags[  0]: 0

Changing nstlist from 10 to 50, rlist from 1 to 1.115


Using 1 MPI process

Non-default thread affinity set probably by the OpenMP library,
disabling internal thread affinity
System total charge: -0.000
Will do PME sum in reciprocal space for electrostatic interactions.

++++ PLEASE READ AND CITE THE FOLLOWING REFERENCE ++++
U. Essmann, L. Perera, M. L. Berkowitz, T. Darden, H. Lee and L. G. Pedersen 
A smooth particle mesh Ewald method
J. Chem. Phys. 103 (1995) pp. 8577-8592
-------- -------- --- Thank You --- -------- --------

Using a Gaussian width (1/beta) of 0.320163 nm for Ewald
Potential shift: LJ r^-12: -1.000e+00 r^-6: -1.000e+00, Ewald -1.000e-05
Initialized non-bonded Ewald correction tables, spacing: 9.33e-04 size: 1073

Long Range LJ corr.: <C6> 3.1923e-04
Generated table with 1057 data points for Ewald.
Tabscale = 500 points/nm
Generated table with 1057 data points for LJ6.
Tabscale = 500 points/nm
Generated table with 1057 data points for LJ12.
Tabscale = 500 points/nm
Generated table with 1057 data points for 1-4 COUL.
Tabscale = 500 points/nm
Generated table with 1057 data points for 1-4 LJ6.
Tabscale = 500 points/nm
Generated table with 1057 data points for 1-4 LJ12.
Tabscale = 500 points/nm

Using plain C 4x4 nonbonded short-range kernels

WARNING: Using the slow plain C kernels. This should
not happen during routine usage on supported platforms.

Using a dual 4x4 pair-list setup updated with dynamic pruning:
  outer list: updated every 50 steps, buffer 0.115 nm, rlist 1.115 nm
  inner list: updated every 12 steps, buffer 0.002 nm, rlist 1.002 nm
At tolerance 0.005 kJ/mol/ps per atom, equivalent classical 1x1 list would be:
  outer list: updated every 50 steps, buffer 0.243 nm, rlist 1.243 nm
  inner list: updated every 12 steps, buffer 0.047 nm, rlist 1.047 nm

Using geometric Lennard-Jones combination rule


Initializing LINear Constraint Solver

++++ PLEASE READ AND CITE THE FOLLOWING REFERENCE ++++
B. Hess and H. Bekker and H. J. C. Berendsen and J. G. E. M. Fraaije
LINCS: A Linear Constraint Solver for molecular simulations
J. Comp. Chem. 18 (1997) pp. 1463-1472
-------- -------- --- Thank You --- -------- --------

The number of constraints is 959

++++ PLEASE READ AND CITE THE FOLLOWING REFERENCE ++++
S. Miyamoto and P. A. Kollman
SETTLE: An Analytical Version of the SHAKE and RATTLE Algorithms for Rigid
Water Models
J. Comp. Chem. 13 (1992) pp. 952-962
-------- -------- --- Thank You --- -------- --------


Intra-simulation communication will occur every 10 steps.
Center of mass motion removal mode is Linear
We have the following groups for center of mass motion removal:
  0:  rest

++++ PLEASE READ AND CITE THE FOLLOWING REFERENCE ++++
G. Bussi, D. Donadio and M. Parrinello
Canonical sampling through velocity rescaling
J. Chem. Phys. 126 (2007) pp. 014101
-------- -------- --- Thank You --- -------- --------

There are: 33876 Atoms

Started mdrun on rank 0 Mon Nov 27 10:21:10 2023
           Step           Time
              0        0.00000

   Energies (kJ/mol)
           Bond          Angle    Proper Dih. Ryckaert-Bell.          LJ-14
    1.47530e+03    3.69743e+03    2.41621e+02    1.88461e+03    2.73108e+03
     Coulomb-14        LJ (SR)  Disper. corr.   Coulomb (SR)   Coul. recip.
    7.71745e+03    9.29420e+04   -4.44920e+03   -6.32366e+05    3.02153e+03
 Position Rest.      Potential    Kinetic En.   Total Energy  Conserved En.
    1.26010e-01   -5.23104e+05    8.50267e+04   -4.38077e+05   -4.38057e+05
    Temperature Pres. DC (bar) Pressure (bar)   Constr. rmsd
    2.97459e+02   -2.14729e+02   -1.79347e+02    2.63353e-06

           Step           Time
            500        1.00000

   Energies (kJ/mol)
           Bond          Angle    Proper Dih. Ryckaert-Bell.          LJ-14
    1.37462e+03    3.76054e+03    2.57378e+02    1.86492e+03    2.71652e+03
     Coulomb-14        LJ (SR)  Disper. corr.   Coulomb (SR)   Coul. recip.
    7.76293e+03    9.35922e+04   -4.55274e+03   -6.33977e+05    2.91041e+03
 Position Rest.      Potential    Kinetic En.   Total Energy  Conserved En.
    4.82482e+02   -5.23807e+05    8.48322e+04   -4.38975e+05   -4.38045e+05
    Temperature Pres. DC (bar) Pressure (bar)   Constr. rmsd
    2.96779e+02   -2.24826e+02    1.23549e+02    2.71763e-06

           Step           Time
           1000        2.00000

   Energies (kJ/mol)
           Bond          Angle    Proper Dih. Ryckaert-Bell.          LJ-14
    1.45886e+03    3.59484e+03    2.66536e+02    1.83977e+03    2.68168e+03
     Coulomb-14        LJ (SR)  Disper. corr.   Coulomb (SR)   Coul. recip.
    7.71394e+03    9.43506e+04   -4.54544e+03   -6.34879e+05    2.97687e+03
 Position Rest.      Potential    Kinetic En.   Total Energy  Conserved En.
    4.47255e+02   -5.24094e+05    8.48674e+04   -4.39227e+05   -4.38025e+05
    Temperature Pres. DC (bar) Pressure (bar)   Constr. rmsd
    2.96902e+02   -2.24107e+02    8.80307e+01    2.77183e-06

           Step           Time
           1500        3.00000

   Energies (kJ/mol)
           Bond          Angle    Proper Dih. Ryckaert-Bell.          LJ-14
    1.46764e+03    3.77614e+03    2.47323e+02    1.86774e+03    2.65178e+03
     Coulomb-14        LJ (SR)  Disper. corr.   Coulomb (SR)   Coul. recip.
    7.70162e+03    9.35743e+04   -4.55705e+03   -6.34083e+05    2.98551e+03
 Position Rest.      Potential    Kinetic En.   Total Energy  Conserved En.
    4.94453e+02   -5.23873e+05    8.60310e+04   -4.37842e+05   -4.38022e+05
    Temperature Pres. DC (bar) Pressure (bar)   Constr. rmsd
    3.00973e+02   -2.25252e+02    6.02040e+01    2.49644e-06

           Step           Time
           2000        4.00000

   Energies (kJ/mol)
           Bond          Angle    Proper Dih. Ryckaert-Bell.          LJ-14
    1.48603e+03    3.88878e+03    2.84800e+02    1.81389e+03    2.68203e+03
     Coulomb-14        LJ (SR)  Disper. corr.   Coulomb (SR)   Coul. recip.
    7.73169e+03    9.34336e+04   -4.55098e+03   -6.34017e+05    2.94807e+03
 Position Rest.      Potential    Kinetic En.   Total Energy  Conserved En.
    4.59584e+02   -5.23839e+05    8.59563e+04   -4.37883e+05   -4.38030e+05
    Temperature Pres. DC (bar) Pressure (bar)   Constr. rmsd
    3.00712e+02   -2.24653e+02    1.78033e+01    2.57137e-06

           Step           Time
           2500        5.00000

   Energies (kJ/mol)
           Bond          Angle    Proper Dih. Ryckaert-Bell.          LJ-14
    1.30595e+03    3.51987e+03    2.29706e+02    1.83585e+03    2.70853e+03
     Coulomb-14        LJ (SR)  Disper. corr.   Coulomb (SR)   Coul. recip.
    7.73898e+03    9.35225e+04   -4.54848e+03   -6.34465e+05    2.91156e+03
 Position Rest.      Potential    Kinetic En.   Total Energy  Conserved En.
    4.52713e+02   -5.24788e+05    8.50649e+04   -4.39723e+05   -4.38043e+05
    Temperature Pres. DC (bar) Pressure (bar)   Constr. rmsd
    2.97593e+02   -2.24407e+02    5.77245e+01    3.17335e-06

           Step           Time
           3000        6.00000

   Energies (kJ/mol)
           Bond          Angle    Proper Dih. Ryckaert-Bell.          LJ-14
    1.50296e+03    3.67690e+03    2.72948e+02    1.82252e+03    2.61341e+03
     Coulomb-14        LJ (SR)  Disper. corr.   Coulomb (SR)   Coul. recip.
    7.65776e+03    9.42471e+04   -4.56347e+03   -6.36203e+05    2.99219e+03
 Position Rest.      Potential    Kinetic En.   Total Energy  Conserved En.
    4.86380e+02   -5.25494e+05    8.60049e+04   -4.39489e+05   -4.38026e+05
    Temperature Pres. DC (bar) Pressure (bar)   Constr. rmsd
    3.00882e+02   -2.25886e+02    6.26548e+01    3.04469e-06

           Step           Time
           3500        7.00000

   Energies (kJ/mol)
           Bond          Angle    Proper Dih. Ryckaert-Bell.          LJ-14
    1.56309e+03    3.96359e+03    2.69098e+02    1.89567e+03    2.60150e+03
     Coulomb-14        LJ (SR)  Disper. corr.   Coulomb (SR)   Coul. recip.
    7.73448e+03    9.42550e+04   -4.55089e+03   -6.35129e+05    2.96110e+03
 Position Rest.      Potential    Kinetic En.   Total Energy  Conserved En.
    5.10907e+02   -5.23925e+05    8.66068e+04   -4.37318e+05   -4.38005e+05
    Temperature Pres. DC (bar) Pressure (bar)   Constr. rmsd
    3.02988e+02   -2.24643e+02    1.36571e+01    2.84726e-06

           Step           Time
           4000        8.00000

   Energies (kJ/mol)
           Bond          Angle    Proper Dih. Ryckaert-Bell.          LJ-14
    1.44764e+03    3.75283e+03    2.40344e+02    1.81306e+03    2.64786e+03
     Coulomb-14        LJ (SR)  Disper. corr.   Coulomb (SR)   Coul. recip.
    7.72491e+03    9.34521e+04   -4.55785e+03   -6.35301e+05    3.01682e+03
 Position Rest.      Potential    Kinetic En.   Total Energy  Conserved En.
    5.32306e+02   -5.25231e+05    8.53596e+04   -4.39871e+05   -4.38001e+05
    Temperature Pres. DC (bar) Pressure (bar)   Constr. rmsd
    2.98624e+02   -2.25330e+02   -1.36011e+02    2.50251e-06

           Step           Time
           4500        9.00000

   Energies (kJ/mol)
           Bond          Angle    Proper Dih. Ryckaert-Bell.          LJ-14
    1.47529e+03    3.73539e+03    2.51787e+02    1.90971e+03    2.68702e+03
     Coulomb-14        LJ (SR)  Disper. corr.   Coulomb (SR)   Coul. recip.
    7.82287e+03    9.44796e+04   -4.56118e+03   -6.35686e+05    2.92257e+03
 Position Rest.      Potential    Kinetic En.   Total Energy  Conserved En.
    5.08785e+02   -5.24454e+05    8.60685e+04   -4.38385e+05   -4.38020e+05
    Temperature Pres. DC (bar) Pressure (bar)   Constr. rmsd
    3.01104e+02   -2.25659e+02    1.41951e+02    2.57816e-06

           Step           Time
           5000       10.00000

   Energies (kJ/mol)
           Bond          Angle    Proper Dih. Ryckaert-Bell.          LJ-14
    1.46829e+03    3.69334e+03    2.21638e+02    1.79749e+03    2.65833e+03
     Coulomb-14        LJ (SR)  Disper. corr.   Coulomb (SR)   Coul. recip.
    7.78096e+03    9.29245e+04   -4.56351e+03   -6.33458e+05    2.92674e+03
 Position Rest.      Potential    Kinetic En.   Total Energy  Conserved En.
    4.85662e+02   -5.24064e+05    8.51257e+04   -4.38939e+05   -4.38012e+05
    Temperature Pres. DC (bar) Pressure (bar)   Constr. rmsd
    2.97806e+02   -2.25890e+02   -1.41497e+02    3.06636e-06

           Step           Time
           5500       11.00000

   Energies (kJ/mol)
           Bond          Angle    Proper Dih. Ryckaert-Bell.          LJ-14
    1.35884e+03    3.77659e+03    2.50191e+02    1.77942e+03    2.64437e+03
     Coulomb-14        LJ (SR)  Disper. corr.   Coulomb (SR)   Coul. recip.
    7.74150e+03    9.29477e+04   -4.55135e+03   -6.33492e+05    2.98412e+03
 Position Rest.      Potential    Kinetic En.   Total Energy  Conserved En.
    4.88438e+02   -5.24072e+05    8.53574e+04   -4.38715e+05   -4.38021e+05
    Temperature Pres. DC (bar) Pressure (bar)   Constr. rmsd
    2.98616e+02   -2.24689e+02   -1.24232e+02    3.11446e-06

Writing checkpoint, step 5650 at Mon Nov 27 10:36:14 2023


           Step           Time
           6000       12.00000

   Energies (kJ/mol)
           Bond          Angle    Proper Dih. Ryckaert-Bell.          LJ-14
    1.48959e+03    3.74533e+03    2.49057e+02    1.76716e+03    2.68505e+03
     Coulomb-14        LJ (SR)  Disper. corr.   Coulomb (SR)   Coul. recip.
    7.77567e+03    9.23597e+04   -4.56891e+03   -6.32855e+05    2.94881e+03
 Position Rest.      Potential    Kinetic En.   Total Energy  Conserved En.
    4.62866e+02   -5.23941e+05    8.51051e+04   -4.38836e+05   -4.38001e+05
    Temperature Pres. DC (bar) Pressure (bar)   Constr. rmsd
    2.97734e+02   -2.26424e+02   -1.75427e+02    2.50663e-06

           Step           Time
           6500       13.00000

   Energies (kJ/mol)
           Bond          Angle    Proper Dih. Ryckaert-Bell.          LJ-14
    1.37888e+03    3.69404e+03    2.51047e+02    1.78605e+03    2.68131e+03
     Coulomb-14        LJ (SR)  Disper. corr.   Coulomb (SR)   Coul. recip.
    7.67556e+03    9.39067e+04   -4.53497e+03   -6.34961e+05    2.93473e+03
 Position Rest.      Potential    Kinetic En.   Total Energy  Conserved En.
    4.97877e+02   -5.24689e+05    8.57336e+04   -4.38956e+05   -4.38028e+05
    Temperature Pres. DC (bar) Pressure (bar)   Constr. rmsd
    2.99932e+02   -2.23077e+02    1.99313e+01    2.85004e-06

           Step           Time
           7000       14.00000

   Energies (kJ/mol)
           Bond          Angle    Proper Dih. Ryckaert-Bell.          LJ-14
    1.47299e+03    3.72530e+03    2.73838e+02    1.72361e+03    2.74097e+03
     Coulomb-14        LJ (SR)  Disper. corr.   Coulomb (SR)   Coul. recip.
    7.74572e+03    9.34252e+04   -4.56197e+03   -6.34894e+05    2.92553e+03
 Position Rest.      Potential    Kinetic En.   Total Energy  Conserved En.
    4.79267e+02   -5.24944e+05    8.56609e+04   -4.39283e+05   -4.38003e+05
    Temperature Pres. DC (bar) Pressure (bar)   Constr. rmsd
    2.99678e+02   -2.25738e+02    7.97021e+01    2.70952e-06

           Step           Time
           7500       15.00000

   Energies (kJ/mol)
           Bond          Angle    Proper Dih. Ryckaert-Bell.          LJ-14
    1.47647e+03    3.55464e+03    2.23192e+02    1.72725e+03    2.69169e+03
     Coulomb-14        LJ (SR)  Disper. corr.   Coulomb (SR)   Coul. recip.
    7.84432e+03    9.24504e+04   -4.54024e+03   -6.34571e+05    2.93344e+03
 Position Rest.      Potential    Kinetic En.   Total Energy  Conserved En.
    4.92229e+02   -5.25717e+05    8.55666e+04   -4.40151e+05   -4.38003e+05
    Temperature Pres. DC (bar) Pressure (bar)   Constr. rmsd
    2.99348e+02   -2.23595e+02   -3.62035e+02    2.92496e-06

           Step           Time
           8000       16.00000

   Energies (kJ/mol)
           Bond          Angle    Proper Dih. Ryckaert-Bell.          LJ-14
    1.46095e+03    3.76932e+03    2.72602e+02    1.86358e+03    2.66922e+03
     Coulomb-14        LJ (SR)  Disper. corr.   Coulomb (SR)   Coul. recip.
    7.75751e+03    9.44264e+04   -4.55260e+03   -6.35184e+05    3.00937e+03
 Position Rest.      Potential    Kinetic En.   Total Energy  Conserved En.
    4.84976e+02   -5.24023e+05    8.48363e+04   -4.39186e+05   -4.37998e+05
    Temperature Pres. DC (bar) Pressure (bar)   Constr. rmsd
    2.96793e+02   -2.24812e+02    4.99273e+01    2.60272e-06

           Step           Time
           8500       17.00000

   Energies (kJ/mol)
           Bond          Angle    Proper Dih. Ryckaert-Bell.          LJ-14
    1.42677e+03    3.73874e+03    2.42033e+02    1.80581e+03    2.70843e+03
     Coulomb-14        LJ (SR)  Disper. corr.   Coulomb (SR)   Coul. recip.
    7.79316e+03    9.49641e+04   -4.54667e+03   -6.35890e+05    2.88322e+03
 Position Rest.      Potential    Kinetic En.   Total Energy  Conserved En.
    4.95545e+02   -5.24379e+05    8.62375e+04   -4.38141e+05   -4.37987e+05
    Temperature Pres. DC (bar) Pressure (bar)   Constr. rmsd
    3.01696e+02   -2.24228e+02    2.15846e+02    2.84912e-06

           Step           Time
           9000       18.00000

   Energies (kJ/mol)
           Bond          Angle    Proper Dih. Ryckaert-Bell.          LJ-14
    1.45668e+03    3.66027e+03    2.25584e+02    1.78939e+03    2.62938e+03
     Coulomb-14        LJ (SR)  Disper. corr.   Coulomb (SR)   Coul. recip.
    7.60776e+03    9.37534e+04   -4.53894e+03   -6.34955e+05    3.02242e+03
 Position Rest.      Potential    Kinetic En.   Total Energy  Conserved En.
    5.03940e+02   -5.24845e+05    8.60110e+04   -4.38834e+05   -4.38010e+05
    Temperature Pres. DC (bar) Pressure (bar)   Constr. rmsd
    3.00903e+02   -2.23466e+02   -2.42871e+00    2.98546e-06

           Step           Time
           9500       19.00000

   Energies (kJ/mol)
           Bond          Angle    Proper Dih. Ryckaert-Bell.          LJ-14
    1.52528e+03    3.76375e+03    2.37558e+02    1.77018e+03    2.66263e+03
     Coulomb-14        LJ (SR)  Disper. corr.   Coulomb (SR)   Coul. recip.
    7.75848e+03    9.53195e+04   -4.57852e+03   -6.36983e+05    2.88273e+03
 Position Rest.      Potential    Kinetic En.   Total Energy  Conserved En.
    5.27249e+02   -5.25114e+05    8.64503e+04   -4.38664e+05   -4.37978e+05
    Temperature Pres. DC (bar) Pressure (bar)   Constr. rmsd
    3.02440e+02   -2.27377e+02    2.50108e+02    2.64588e-06

           Step           Time
          10000       20.00000

   Energies (kJ/mol)
           Bond          Angle    Proper Dih. Ryckaert-Bell.          LJ-14
    1.49178e+03    3.61333e+03    2.71533e+02    1.89479e+03    2.79380e+03
     Coulomb-14        LJ (SR)  Disper. corr.   Coulomb (SR)   Coul. recip.
    7.87784e+03    9.49326e+04   -4.59017e+03   -6.35556e+05    2.96203e+03
 Position Rest.      Potential    Kinetic En.   Total Energy  Conserved En.
    4.68449e+02   -5.23840e+05    8.65234e+04   -4.37316e+05   -4.37983e+05
    Temperature Pres. DC (bar) Pressure (bar)   Constr. rmsd
    3.02696e+02   -2.28534e+02    4.99187e+02    3.04543e-06

           Step           Time
          10500       21.00000

   Energies (kJ/mol)
           Bond          Angle    Proper Dih. Ryckaert-Bell.          LJ-14
    1.47162e+03    3.66582e+03    2.45538e+02    1.78456e+03    2.73969e+03
     Coulomb-14        LJ (SR)  Disper. corr.   Coulomb (SR)   Coul. recip.
    7.72393e+03    9.20660e+04   -4.56866e+03   -6.32844e+05    2.98146e+03
 Position Rest.      Potential    Kinetic En.   Total Energy  Conserved En.
    4.83421e+02   -5.24251e+05    8.55503e+04   -4.38701e+05   -4.37986e+05
    Temperature Pres. DC (bar) Pressure (bar)   Constr. rmsd
    2.99291e+02   -2.26399e+02   -6.70907e+01    3.18722e-06

           Step           Time
          11000       22.00000

   Energies (kJ/mol)
           Bond          Angle    Proper Dih. Ryckaert-Bell.          LJ-14
    1.49906e+03    3.63736e+03    2.71509e+02    1.84686e+03    2.62207e+03
     Coulomb-14        LJ (SR)  Disper. corr.   Coulomb (SR)   Coul. recip.
    7.65833e+03    9.34901e+04   -4.55321e+03   -6.34618e+05    2.91386e+03
 Position Rest.      Potential    Kinetic En.   Total Energy  Conserved En.
    4.25130e+02   -5.24807e+05    8.53042e+04   -4.39503e+05   -4.37978e+05
    Temperature Pres. DC (bar) Pressure (bar)   Constr. rmsd
    2.98431e+02   -2.24873e+02   -1.66320e+02    2.74596e-06

Writing checkpoint, step 11250 at Mon Nov 27 10:51:12 2023


           Step           Time
          11500       23.00000

   Energies (kJ/mol)
           Bond          Angle    Proper Dih. Ryckaert-Bell.          LJ-14
    1.47230e+03    3.82171e+03    2.52947e+02    1.82681e+03    2.66883e+03
     Coulomb-14        LJ (SR)  Disper. corr.   Coulomb (SR)   Coul. recip.
    7.79922e+03    9.32907e+04   -4.57807e+03   -6.33868e+05    2.93318e+03
 Position Rest.      Potential    Kinetic En.   Total Energy  Conserved En.
    4.60209e+02   -5.23920e+05    8.56549e+04   -4.38266e+05   -4.37966e+05
    Temperature Pres. DC (bar) Pressure (bar)   Constr. rmsd
    2.99657e+02   -2.27332e+02    4.89675e+01    3.01932e-06

           Step           Time
          12000       24.00000

   Energies (kJ/mol)
           Bond          Angle    Proper Dih. Ryckaert-Bell.          LJ-14
    1.38559e+03    3.73229e+03    2.59409e+02    1.91949e+03    2.73630e+03
     Coulomb-14        LJ (SR)  Disper. corr.   Coulomb (SR)   Coul. recip.
    7.83528e+03    9.25224e+04   -4.55188e+03   -6.33270e+05    2.98585e+03
 Position Rest.      Potential    Kinetic En.   Total Energy  Conserved En.
    4.29010e+02   -5.24016e+05    8.55678e+04   -4.38448e+05   -4.37977e+05
    Temperature Pres. DC (bar) Pressure (bar)   Constr. rmsd
    2.99353e+02   -2.24741e+02   -1.08429e+02    2.75020e-06

           Step           Time
          12500       25.00000

   Energies (kJ/mol)
           Bond          Angle    Proper Dih. Ryckaert-Bell.          LJ-14
    1.50400e+03    3.72615e+03    2.44290e+02    1.86471e+03    2.65632e+03
     Coulomb-14        LJ (SR)  Disper. corr.   Coulomb (SR)   Coul. recip.
    7.71904e+03    9.40392e+04   -4.58066e+03   -6.34508e+05    2.96911e+03
 Position Rest.      Potential    Kinetic En.   Total Energy  Conserved En.
    4.71498e+02   -5.23894e+05    8.68110e+04   -4.37083e+05   -4.37984e+05
    Temperature Pres. DC (bar) Pressure (bar)   Constr. rmsd
    3.03702e+02   -2.27589e+02    1.19848e+02    2.64617e-06

           Step           Time
          13000       26.00000

   Energies (kJ/mol)
           Bond          Angle    Proper Dih. Ryckaert-Bell.          LJ-14
    1.54099e+03    3.60465e+03    2.44282e+02    1.89705e+03    2.65896e+03
     Coulomb-14        LJ (SR)  Disper. corr.   Coulomb (SR)   Coul. recip.
    7.66382e+03    9.34829e+04   -4.54327e+03   -6.33498e+05    2.95406e+03
 Position Rest.      Potential    Kinetic En.   Total Energy  Conserved En.
    4.86745e+02   -5.23508e+05    8.63342e+04   -4.37174e+05   -4.37992e+05
    Temperature Pres. DC (bar) Pressure (bar)   Constr. rmsd
    3.02034e+02   -2.23894e+02   -8.46559e+00    2.94812e-06

           Step           Time
          13500       27.00000

   Energies (kJ/mol)
           Bond          Angle    Proper Dih. Ryckaert-Bell.          LJ-14
    1.44701e+03    3.69705e+03    2.54477e+02    1.81812e+03    2.63471e+03
     Coulomb-14        LJ (SR)  Disper. corr.   Coulomb (SR)   Coul. recip.
    7.74070e+03    9.37712e+04   -4.55137e+03   -6.34533e+05    2.92828e+03
 Position Rest.      Potential    Kinetic En.   Total Energy  Conserved En.
    4.69160e+02   -5.24324e+05    8.52658e+04   -4.39058e+05   -4.37972e+05
    Temperature Pres. DC (bar) Pressure (bar)   Constr. rmsd
    2.98296e+02   -2.24691e+02    5.17295e+01    3.15972e-06

           Step           Time
          14000       28.00000

   Energies (kJ/mol)
           Bond          Angle    Proper Dih. Ryckaert-Bell.          LJ-14
    1.41450e+03    3.69512e+03    2.69429e+02    1.86296e+03    2.73442e+03
     Coulomb-14        LJ (SR)  Disper. corr.   Coulomb (SR)   Coul. recip.
    7.68471e+03    9.40414e+04   -4.56670e+03   -6.34682e+05    2.89042e+03
 Position Rest.      Potential    Kinetic En.   Total Energy  Conserved En.
    4.59841e+02   -5.24196e+05    8.63294e+04   -4.37866e+05   -4.37985e+05
    Temperature Pres. DC (bar) Pressure (bar)   Constr. rmsd
    3.02017e+02   -2.26205e+02    1.91888e+02    2.87636e-06

           Step           Time
          14500       29.00000

   Energies (kJ/mol)
           Bond          Angle    Proper Dih. Ryckaert-Bell.          LJ-14
    1.45112e+03    3.70975e+03    2.44818e+02    1.93030e+03    2.63328e+03
     Coulomb-14        LJ (SR)  Disper. corr.   Coulomb (SR)   Coul. recip.
    7.63478e+03    9.28772e+04   -4.57791e+03   -6.33340e+05    3.01595e+03
 Position Rest.      Potential    Kinetic En.   Total Energy  Conserved En.
    5.03472e+02   -5.23917e+05    8.64172e+04   -4.37500e+05   -4.37985e+05
    Temperature Pres. DC (bar) Pressure (bar)   Constr. rmsd
    3.02324e+02   -2.27316e+02    5.32537e+01    2.70565e-06

           Step           Time
          15000       30.00000

   Energies (kJ/mol)
           Bond          Angle    Proper Dih. Ryckaert-Bell.          LJ-14
    1.47941e+03    3.57979e+03    2.24320e+02    1.85726e+03    2.69067e+03
     Coulomb-14        LJ (SR)  Disper. corr.   Coulomb (SR)   Coul. recip.
    7.71327e+03    9.40602e+04   -4.57035e+03   -6.35460e+05    2.81816e+03
 Position Rest.      Potential    Kinetic En.   Total Energy  Conserved En.
    4.76088e+02   -5.25131e+05    8.50566e+04   -4.40074e+05   -4.37973e+05
    Temperature Pres. DC (bar) Pressure (bar)   Constr. rmsd
    2.97564e+02   -2.26567e+02   -4.06387e+00    2.72941e-06

           Step           Time
          15500       31.00000

   Energies (kJ/mol)
           Bond          Angle    Proper Dih. Ryckaert-Bell.          LJ-14
    1.51313e+03    3.52236e+03    2.75103e+02    1.79791e+03    2.69067e+03
     Coulomb-14        LJ (SR)  Disper. corr.   Coulomb (SR)   Coul. recip.
    7.75517e+03    9.46149e+04   -4.56293e+03   -6.37056e+05    2.97962e+03
 Position Rest.      Potential    Kinetic En.   Total Energy  Conserved En.
    4.85497e+02   -5.25984e+05    8.63446e+04   -4.39640e+05   -4.37996e+05
    Temperature Pres. DC (bar) Pressure (bar)   Constr. rmsd
    3.02070e+02   -2.25833e+02    6.59790e+01    2.76666e-06

           Step           Time
          16000       32.00000

   Energies (kJ/mol)
           Bond          Angle    Proper Dih. Ryckaert-Bell.          LJ-14
    1.40944e+03    3.67375e+03    2.51525e+02    1.89760e+03    2.60075e+03
     Coulomb-14        LJ (SR)  Disper. corr.   Coulomb (SR)   Coul. recip.
    7.80300e+03    9.22654e+04   -4.54893e+03   -6.33432e+05    2.96075e+03
 Position Rest.      Potential    Kinetic En.   Total Energy  Conserved En.
    4.90706e+02   -5.24628e+05    8.54884e+04   -4.39140e+05   -4.37986e+05
    Temperature Pres. DC (bar) Pressure (bar)   Constr. rmsd
    2.99075e+02   -2.24451e+02   -3.35071e+02    3.22800e-06

           Step           Time
          16500       33.00000

   Energies (kJ/mol)
           Bond          Angle    Proper Dih. Ryckaert-Bell.          LJ-14
    1.49728e+03    3.61919e+03    2.48313e+02    1.77830e+03    2.73855e+03
     Coulomb-14        LJ (SR)  Disper. corr.   Coulomb (SR)   Coul. recip.
    7.68099e+03    9.41239e+04   -4.55839e+03   -6.35379e+05    2.96306e+03
 Position Rest.      Potential    Kinetic En.   Total Energy  Conserved En.
    5.36358e+02   -5.24751e+05    8.54137e+04   -4.39337e+05   -4.37971e+05
    Temperature Pres. DC (bar) Pressure (bar)   Constr. rmsd
    2.98814e+02   -2.25384e+02    1.71785e+01    2.90199e-06

Writing checkpoint, step 16900 at Mon Nov 27 11:06:17 2023


           Step           Time
          17000       34.00000

   Energies (kJ/mol)
           Bond          Angle    Proper Dih. Ryckaert-Bell.          LJ-14
    1.36791e+03    3.61459e+03    2.36666e+02    1.77375e+03    2.72567e+03
     Coulomb-14        LJ (SR)  Disper. corr.   Coulomb (SR)   Coul. recip.
    7.74261e+03    9.50497e+04   -4.56407e+03   -6.36653e+05    3.00996e+03
 Position Rest.      Potential    Kinetic En.   Total Energy  Conserved En.
    4.44966e+02   -5.25252e+05    8.54986e+04   -4.39753e+05   -4.37991e+05
    Temperature Pres. DC (bar) Pressure (bar)   Constr. rmsd
    2.99110e+02   -2.25945e+02    2.68610e+02    3.14964e-06

           Step           Time
          17500       35.00000

   Energies (kJ/mol)
           Bond          Angle    Proper Dih. Ryckaert-Bell.          LJ-14
    1.40551e+03    3.66546e+03    2.42423e+02    1.74505e+03    2.63422e+03
     Coulomb-14        LJ (SR)  Disper. corr.   Coulomb (SR)   Coul. recip.
    7.70007e+03    9.36157e+04   -4.56288e+03   -6.35281e+05    2.95791e+03
 Position Rest.      Potential    Kinetic En.   Total Energy  Conserved En.
    4.87454e+02   -5.25390e+05    8.50897e+04   -4.40301e+05   -4.37998e+05
    Temperature Pres. DC (bar) Pressure (bar)   Constr. rmsd
    2.97680e+02   -2.25828e+02   -5.62088e+01    2.88367e-06

           Step           Time
          18000       36.00000

   Energies (kJ/mol)
           Bond          Angle    Proper Dih. Ryckaert-Bell.          LJ-14
    1.35301e+03    3.46587e+03    2.61835e+02    1.79598e+03    2.69673e+03
     Coulomb-14        LJ (SR)  Disper. corr.   Coulomb (SR)   Coul. recip.
    7.72356e+03    9.36436e+04   -4.57383e+03   -6.35083e+05    2.98979e+03
 Position Rest.      Potential    Kinetic En.   Total Energy  Conserved En.
    4.43628e+02   -5.25283e+05    8.59097e+04   -4.39373e+05   -4.38010e+05
    Temperature Pres. DC (bar) Pressure (bar)   Constr. rmsd
    3.00549e+02   -2.26911e+02    8.37943e+01    3.08124e-06

           Step           Time
          18500       37.00000

   Energies (kJ/mol)
           Bond          Angle    Proper Dih. Ryckaert-Bell.          LJ-14
    1.50029e+03    3.65326e+03    2.65842e+02    1.86733e+03    2.67945e+03
     Coulomb-14        LJ (SR)  Disper. corr.   Coulomb (SR)   Coul. recip.
    7.71613e+03    9.47759e+04   -4.56797e+03   -6.35753e+05    2.99550e+03
 Position Rest.      Potential    Kinetic En.   Total Energy  Conserved En.
    4.96524e+02   -5.24371e+05    8.57526e+04   -4.38618e+05   -4.37966e+05
    Temperature Pres. DC (bar) Pressure (bar)   Constr. rmsd
    2.99999e+02   -2.26331e+02    2.07226e+02    3.38673e-06

           Step           Time
          19000       38.00000

   Energies (kJ/mol)
           Bond          Angle    Proper Dih. Ryckaert-Bell.          LJ-14
    1.45967e+03    3.77655e+03    2.41333e+02    1.86113e+03    2.57054e+03
     Coulomb-14        LJ (SR)  Disper. corr.   Coulomb (SR)   Coul. recip.
    7.64335e+03    9.36538e+04   -4.55733e+03   -6.34293e+05    2.90500e+03
 Position Rest.      Potential    Kinetic En.   Total Energy  Conserved En.
    4.47715e+02   -5.24291e+05    8.51576e+04   -4.39133e+05   -4.37965e+05
    Temperature Pres. DC (bar) Pressure (bar)   Constr. rmsd
    2.97918e+02   -2.25280e+02   -1.83219e+01    2.78507e-06

           Step           Time
          19500       39.00000

   Energies (kJ/mol)
           Bond          Angle    Proper Dih. Ryckaert-Bell.          LJ-14
    1.38507e+03    3.67682e+03    2.95236e+02    1.92160e+03    2.63459e+03
     Coulomb-14        LJ (SR)  Disper. corr.   Coulomb (SR)   Coul. recip.
    7.75345e+03    9.31934e+04   -4.56094e+03   -6.34863e+05    2.92558e+03
 Position Rest.      Potential    Kinetic En.   Total Energy  Conserved En.
    4.47420e+02   -5.25191e+05    8.56633e+04   -4.39528e+05   -4.37991e+05
    Temperature Pres. DC (bar) Pressure (bar)   Constr. rmsd
    2.99687e+02   -2.25636e+02   -2.46534e+01    2.82686e-06

           Step           Time
          20000       40.00000

   Energies (kJ/mol)
           Bond          Angle    Proper Dih. Ryckaert-Bell.          LJ-14
    1.54074e+03    3.94878e+03    2.62400e+02    1.84423e+03    2.72832e+03
     Coulomb-14        LJ (SR)  Disper. corr.   Coulomb (SR)   Coul. recip.
    7.80987e+03    9.41704e+04   -4.57871e+03   -6.36118e+05    2.93160e+03
 Position Rest.      Potential    Kinetic En.   Total Energy  Conserved En.
    5.05123e+02   -5.24955e+05    8.64352e+04   -4.38520e+05   -4.37952e+05
    Temperature Pres. DC (bar) Pressure (bar)   Constr. rmsd
    3.02387e+02   -2.27395e+02    1.72353e+02    2.65349e-06

           Step           Time
          20500       41.00000

   Energies (kJ/mol)
           Bond          Angle    Proper Dih. Ryckaert-Bell.          LJ-14
    1.48428e+03    3.63994e+03    2.55534e+02    1.88070e+03    2.62812e+03
     Coulomb-14        LJ (SR)  Disper. corr.   Coulomb (SR)   Coul. recip.
    7.71156e+03    9.39938e+04   -4.54676e+03   -6.34896e+05    2.96524e+03
 Position Rest.      Potential    Kinetic En.   Total Energy  Conserved En.
    4.28261e+02   -5.24455e+05    8.44413e+04   -4.40014e+05   -4.37964e+05
    Temperature Pres. DC (bar) Pressure (bar)   Constr. rmsd
    2.95412e+02   -2.24237e+02   -6.56615e+01    2.75241e-06

           Step           Time
          21000       42.00000

   Energies (kJ/mol)
           Bond          Angle    Proper Dih. Ryckaert-Bell.          LJ-14
    1.52289e+03    3.65757e+03    2.72272e+02    1.86078e+03    2.68803e+03
     Coulomb-14        LJ (SR)  Disper. corr.   Coulomb (SR)   Coul. recip.
    7.68026e+03    9.34863e+04   -4.56980e+03   -6.34450e+05    2.90585e+03
 Position Rest.      Potential    Kinetic En.   Total Energy  Conserved En.
    4.85242e+02   -5.24460e+05    8.59415e+04   -4.38519e+05   -4.37953e+05
    Temperature Pres. DC (bar) Pressure (bar)   Constr. rmsd
    3.00660e+02   -2.26512e+02    5.78589e+01    2.73590e-06

           Step           Time
          21500       43.00000

   Energies (kJ/mol)
           Bond          Angle    Proper Dih. Ryckaert-Bell.          LJ-14
    1.46517e+03    3.89538e+03    1.90894e+02    1.79934e+03    2.69004e+03
     Coulomb-14        LJ (SR)  Disper. corr.   Coulomb (SR)   Coul. recip.
    7.81472e+03    9.33915e+04   -4.56058e+03   -6.34335e+05    2.90985e+03
 Position Rest.      Potential    Kinetic En.   Total Energy  Conserved En.
    5.11860e+02   -5.24227e+05    8.56217e+04   -4.38605e+05   -4.37964e+05
    Temperature Pres. DC (bar) Pressure (bar)   Constr. rmsd
    2.99541e+02   -2.25600e+02    7.37276e+01    2.62757e-06

           Step           Time
          22000       44.00000

   Energies (kJ/mol)
           Bond          Angle    Proper Dih. Ryckaert-Bell.          LJ-14
    1.50989e+03    3.66565e+03    2.42852e+02    1.80748e+03    2.73344e+03
     Coulomb-14        LJ (SR)  Disper. corr.   Coulomb (SR)   Coul. recip.
    7.73326e+03    9.29396e+04   -4.57600e+03   -6.34467e+05    2.94236e+03
 Position Rest.      Potential    Kinetic En.   Total Energy  Conserved En.
    4.47051e+02   -5.25021e+05    8.51816e+04   -4.39840e+05   -4.37944e+05
    Temperature Pres. DC (bar) Pressure (bar)   Constr. rmsd
    2.98001e+02   -2.27127e+02   -9.84417e+01    3.11304e-06

           Step           Time
          22500       45.00000

Writing checkpoint, step 22500 at Mon Nov 27 11:21:16 2023


   Energies (kJ/mol)
           Bond          Angle    Proper Dih. Ryckaert-Bell.          LJ-14
    1.49824e+03    3.66650e+03    2.49106e+02    1.79339e+03    2.72620e+03
     Coulomb-14        LJ (SR)  Disper. corr.   Coulomb (SR)   Coul. recip.
    7.78878e+03    9.43879e+04   -4.56972e+03   -6.37004e+05    2.83648e+03
 Position Rest.      Potential    Kinetic En.   Total Energy  Conserved En.
    4.57259e+02   -5.26170e+05    8.64256e+04   -4.39745e+05   -4.37946e+05
    Temperature Pres. DC (bar) Pressure (bar)   Constr. rmsd
    3.02354e+02   -2.26504e+02    1.53750e+02    2.83061e-06

           Step           Time
          23000       46.00000

   Energies (kJ/mol)
           Bond          Angle    Proper Dih. Ryckaert-Bell.          LJ-14
    1.41736e+03    3.70093e+03    2.56178e+02    1.86176e+03    2.75374e+03
     Coulomb-14        LJ (SR)  Disper. corr.   Coulomb (SR)   Coul. recip.
    7.79554e+03    9.48203e+04   -4.57071e+03   -6.36268e+05    2.89412e+03
 Position Rest.      Potential    Kinetic En.   Total Energy  Conserved En.
    4.82931e+02   -5.24856e+05    8.57321e+04   -4.39124e+05   -4.37933e+05
    Temperature Pres. DC (bar) Pressure (bar)   Constr. rmsd
    2.99927e+02   -2.26603e+02    3.22294e+02    2.69623e-06

           Step           Time
          23500       47.00000

   Energies (kJ/mol)
           Bond          Angle    Proper Dih. Ryckaert-Bell.          LJ-14
    1.37697e+03    3.69175e+03    2.58477e+02    1.80165e+03    2.69131e+03
     Coulomb-14        LJ (SR)  Disper. corr.   Coulomb (SR)   Coul. recip.
    7.65933e+03    9.35905e+04   -4.56701e+03   -6.34908e+05    2.81875e+03
 Position Rest.      Potential    Kinetic En.   Total Energy  Conserved En.
    5.12584e+02   -5.25073e+05    8.55449e+04   -4.39528e+05   -4.37964e+05
    Temperature Pres. DC (bar) Pressure (bar)   Constr. rmsd
    2.99272e+02   -2.26236e+02   -6.60156e+01    2.72474e-06

           Step           Time
          24000       48.00000

   Energies (kJ/mol)
           Bond          Angle    Proper Dih. Ryckaert-Bell.          LJ-14
    1.47202e+03    3.70530e+03    2.26805e+02    1.82197e+03    2.70764e+03
     Coulomb-14        LJ (SR)  Disper. corr.   Coulomb (SR)   Coul. recip.
    7.73447e+03    9.28185e+04   -4.56652e+03   -6.34037e+05    2.89232e+03
 Position Rest.      Potential    Kinetic En.   Total Energy  Conserved En.
    4.75090e+02   -5.24750e+05    8.60243e+04   -4.38726e+05   -4.37968e+05
    Temperature Pres. DC (bar) Pressure (bar)   Constr. rmsd
    3.00950e+02   -2.26188e+02   -3.96046e+01    2.80723e-06

           Step           Time
          24500       49.00000

   Energies (kJ/mol)
           Bond          Angle    Proper Dih. Ryckaert-Bell.          LJ-14
    1.34667e+03    3.75189e+03    2.40911e+02    1.90064e+03    2.69137e+03
     Coulomb-14        LJ (SR)  Disper. corr.   Coulomb (SR)   Coul. recip.
    7.81116e+03    9.41429e+04   -4.57598e+03   -6.36007e+05    2.95235e+03
 Position Rest.      Potential    Kinetic En.   Total Energy  Conserved En.
    5.12561e+02   -5.25233e+05    8.55535e+04   -4.39680e+05   -4.37945e+05
    Temperature Pres. DC (bar) Pressure (bar)   Constr. rmsd
    2.99303e+02   -2.27125e+02    1.32081e+02    2.58072e-06

           Step           Time
          25000       50.00000

   Energies (kJ/mol)
           Bond          Angle    Proper Dih. Ryckaert-Bell.          LJ-14
    1.41243e+03    3.78299e+03    2.08439e+02    1.87106e+03    2.67673e+03
     Coulomb-14        LJ (SR)  Disper. corr.   Coulomb (SR)   Coul. recip.
    7.72005e+03    9.45480e+04   -4.59100e+03   -6.36371e+05    2.86960e+03
 Position Rest.      Potential    Kinetic En.   Total Energy  Conserved En.
    4.67950e+02   -5.25405e+05    8.55119e+04   -4.39893e+05   -4.37923e+05
    Temperature Pres. DC (bar) Pressure (bar)   Constr. rmsd
    2.99157e+02   -2.28617e+02    1.83808e+02    2.93757e-06

           Step           Time
          25500       51.00000

   Energies (kJ/mol)
           Bond          Angle    Proper Dih. Ryckaert-Bell.          LJ-14
    1.48759e+03    3.88853e+03    2.49289e+02    1.88959e+03    2.65343e+03
     Coulomb-14        LJ (SR)  Disper. corr.   Coulomb (SR)   Coul. recip.
    7.79123e+03    9.34250e+04   -4.57222e+03   -6.34148e+05    2.95534e+03
 Position Rest.      Potential    Kinetic En.   Total Energy  Conserved En.
    5.50131e+02   -5.23830e+05    8.68769e+04   -4.36953e+05   -4.37939e+05
    Temperature Pres. DC (bar) Pressure (bar)   Constr. rmsd
    3.03932e+02   -2.26752e+02    1.39438e+01    2.64497e-06

           Step           Time
          26000       52.00000

   Energies (kJ/mol)
           Bond          Angle    Proper Dih. Ryckaert-Bell.          LJ-14
    1.36337e+03    3.71390e+03    2.12473e+02    1.82958e+03    2.70683e+03
     Coulomb-14        LJ (SR)  Disper. corr.   Coulomb (SR)   Coul. recip.
    7.77342e+03    9.23080e+04   -4.56557e+03   -6.33465e+05    2.92916e+03
 Position Rest.      Potential    Kinetic En.   Total Energy  Conserved En.
    5.09918e+02   -5.24684e+05    8.47849e+04   -4.39899e+05   -4.37936e+05
    Temperature Pres. DC (bar) Pressure (bar)   Constr. rmsd
    2.96614e+02   -2.26093e+02   -1.16746e+02    2.60542e-06

           Step           Time
          26500       53.00000

   Energies (kJ/mol)
           Bond          Angle    Proper Dih. Ryckaert-Bell.          LJ-14
    1.54524e+03    3.69652e+03    2.49778e+02    1.80593e+03    2.65118e+03
     Coulomb-14        LJ (SR)  Disper. corr.   Coulomb (SR)   Coul. recip.
    7.86717e+03    9.36908e+04   -4.55939e+03   -6.34650e+05    2.88217e+03
 Position Rest.      Potential    Kinetic En.   Total Energy  Conserved En.
    5.17881e+02   -5.24303e+05    8.62543e+04   -4.38049e+05   -4.37936e+05
    Temperature Pres. DC (bar) Pressure (bar)   Constr. rmsd
    3.01754e+02   -2.25482e+02    3.69181e+01    2.92992e-06

           Step           Time
          27000       54.00000

   Energies (kJ/mol)
           Bond          Angle    Proper Dih. Ryckaert-Bell.          LJ-14
    1.40070e+03    3.70847e+03    1.94695e+02    1.88191e+03    2.68220e+03
     Coulomb-14        LJ (SR)  Disper. corr.   Coulomb (SR)   Coul. recip.
    7.72158e+03    9.29515e+04   -4.56257e+03   -6.34061e+05    2.87448e+03
 Position Rest.      Potential    Kinetic En.   Total Energy  Conserved En.
    4.97327e+02   -5.24711e+05    8.54311e+04   -4.39280e+05   -4.37932e+05
    Temperature Pres. DC (bar) Pressure (bar)   Constr. rmsd
    2.98874e+02   -2.25797e+02   -1.62293e+02    2.70648e-06

           Step           Time
          27500       55.00000

   Energies (kJ/mol)
           Bond          Angle    Proper Dih. Ryckaert-Bell.          LJ-14
    1.42197e+03    3.74306e+03    2.69338e+02    1.84652e+03    2.76982e+03
     Coulomb-14        LJ (SR)  Disper. corr.   Coulomb (SR)   Coul. recip.
    7.84009e+03    9.36007e+04   -4.56496e+03   -6.35728e+05    2.89818e+03
 Position Rest.      Potential    Kinetic En.   Total Energy  Conserved En.
    4.96218e+02   -5.25407e+05    8.64634e+04   -4.38943e+05   -4.37960e+05
    Temperature Pres. DC (bar) Pressure (bar)   Constr. rmsd
    3.02486e+02   -2.26033e+02    6.28926e+01    2.88056e-06

           Step           Time
          28000       56.00000

   Energies (kJ/mol)
           Bond          Angle    Proper Dih. Ryckaert-Bell.          LJ-14
    1.58280e+03    3.70518e+03    2.31829e+02    1.81575e+03    2.67416e+03
     Coulomb-14        LJ (SR)  Disper. corr.   Coulomb (SR)   Coul. recip.
    7.73657e+03    9.42316e+04   -4.57268e+03   -6.35205e+05    2.88982e+03
 Position Rest.      Potential    Kinetic En.   Total Energy  Conserved En.
    4.78900e+02   -5.24431e+05    8.59882e+04   -4.38442e+05   -4.37930e+05
    Temperature Pres. DC (bar) Pressure (bar)   Constr. rmsd
    3.00823e+02   -2.26797e+02    1.31620e+02    2.96196e-06

Writing checkpoint, step 28100 at Mon Nov 27 11:36:15 2023


           Step           Time
          28500       57.00000

   Energies (kJ/mol)
           Bond          Angle    Proper Dih. Ryckaert-Bell.          LJ-14
    1.67568e+03    3.69505e+03    2.29172e+02    1.75983e+03    2.63490e+03
     Coulomb-14        LJ (SR)  Disper. corr.   Coulomb (SR)   Coul. recip.
    7.75449e+03    9.39016e+04   -4.53673e+03   -6.33398e+05    2.97123e+03
 Position Rest.      Potential    Kinetic En.   Total Energy  Conserved En.
    4.92203e+02   -5.22820e+05    8.61331e+04   -4.36687e+05   -4.37933e+05
    Temperature Pres. DC (bar) Pressure (bar)   Constr. rmsd
    3.01330e+02   -2.23249e+02   -9.67158e+01    2.95776e-06

           Step           Time
          29000       58.00000

   Energies (kJ/mol)
           Bond          Angle    Proper Dih. Ryckaert-Bell.          LJ-14
    1.45509e+03    3.80343e+03    2.58072e+02    1.76614e+03    2.65713e+03
     Coulomb-14        LJ (SR)  Disper. corr.   Coulomb (SR)   Coul. recip.
    7.70745e+03    9.38836e+04   -4.57578e+03   -6.34610e+05    2.91725e+03
 Position Rest.      Potential    Kinetic En.   Total Energy  Conserved En.
    4.90104e+02   -5.24248e+05    8.54227e+04   -4.38825e+05   -4.37923e+05
    Temperature Pres. DC (bar) Pressure (bar)   Constr. rmsd
    2.98845e+02   -2.27105e+02    1.89944e+02    2.61551e-06

           Step           Time
          29500       59.00000

   Energies (kJ/mol)
           Bond          Angle    Proper Dih. Ryckaert-Bell.          LJ-14
    1.38264e+03    3.60287e+03    2.49870e+02    1.84583e+03    2.54611e+03
     Coulomb-14        LJ (SR)  Disper. corr.   Coulomb (SR)   Coul. recip.
    7.74536e+03    9.31774e+04   -4.56788e+03   -6.34731e+05    2.93696e+03
 Position Rest.      Potential    Kinetic En.   Total Energy  Conserved En.
    5.16693e+02   -5.25295e+05    8.50349e+04   -4.40260e+05   -4.37953e+05
    Temperature Pres. DC (bar) Pressure (bar)   Constr. rmsd
    2.97488e+02   -2.26322e+02   -2.04799e+02    2.94999e-06

           Step           Time
          30000       60.00000

   Energies (kJ/mol)
           Bond          Angle    Proper Dih. Ryckaert-Bell.          LJ-14
    1.52245e+03    3.84748e+03    2.50857e+02    1.88284e+03    2.64998e+03
     Coulomb-14        LJ (SR)  Disper. corr.   Coulomb (SR)   Coul. recip.
    7.72756e+03    9.31337e+04   -4.56533e+03   -6.33881e+05    2.88647e+03
 Position Rest.      Potential    Kinetic En.   Total Energy  Conserved En.
    4.97945e+02   -5.24047e+05    8.55198e+04   -4.38528e+05   -4.37922e+05
    Temperature Pres. DC (bar) Pressure (bar)   Constr. rmsd
    2.99185e+02   -2.26070e+02   -1.01590e+02    3.04118e-06

           Step           Time
          30500       61.00000

   Energies (kJ/mol)
           Bond          Angle    Proper Dih. Ryckaert-Bell.          LJ-14
    1.45520e+03    3.58471e+03    2.67518e+02    1.91783e+03    2.70348e+03
     Coulomb-14        LJ (SR)  Disper. corr.   Coulomb (SR)   Coul. recip.
    7.75484e+03    9.45540e+04   -4.56689e+03   -6.35656e+05    2.89234e+03
 Position Rest.      Potential    Kinetic En.   Total Energy  Conserved En.
    4.88627e+02   -5.24604e+05    8.53623e+04   -4.39242e+05   -4.37934e+05
    Temperature Pres. DC (bar) Pressure (bar)   Constr. rmsd
    2.98634e+02   -2.26224e+02    2.94890e+02    2.54061e-06

           Step           Time
          31000       62.00000

   Energies (kJ/mol)
           Bond          Angle    Proper Dih. Ryckaert-Bell.          LJ-14
    1.47386e+03    3.89585e+03    2.36243e+02    1.89589e+03    2.57237e+03
     Coulomb-14        LJ (SR)  Disper. corr.   Coulomb (SR)   Coul. recip.
    7.72605e+03    9.33026e+04   -4.55085e+03   -6.33596e+05    2.98983e+03
 Position Rest.      Potential    Kinetic En.   Total Energy  Conserved En.
    4.90061e+02   -5.23564e+05    8.53098e+04   -4.38254e+05   -4.37924e+05
    Temperature Pres. DC (bar) Pressure (bar)   Constr. rmsd
    2.98450e+02   -2.24640e+02   -1.07310e+02    2.54142e-06

           Step           Time
          31500       63.00000

   Energies (kJ/mol)
           Bond          Angle    Proper Dih. Ryckaert-Bell.          LJ-14
    1.37044e+03    3.63050e+03    2.71828e+02    1.86742e+03    2.68278e+03
     Coulomb-14        LJ (SR)  Disper. corr.   Coulomb (SR)   Coul. recip.
    7.73397e+03    9.42393e+04   -4.57675e+03   -6.35730e+05    2.79895e+03
 Position Rest.      Potential    Kinetic En.   Total Energy  Conserved En.
    5.12961e+02   -5.25199e+05    8.56935e+04   -4.39505e+05   -4.37936e+05
    Temperature Pres. DC (bar) Pressure (bar)   Constr. rmsd
    2.99792e+02   -2.27201e+02    1.10869e+02    2.57850e-06

           Step           Time
          32000       64.00000

   Energies (kJ/mol)
           Bond          Angle    Proper Dih. Ryckaert-Bell.          LJ-14
    1.48101e+03    3.65682e+03    2.41454e+02    1.85018e+03    2.59511e+03
     Coulomb-14        LJ (SR)  Disper. corr.   Coulomb (SR)   Coul. recip.
    7.72791e+03    9.43491e+04   -4.55818e+03   -6.35678e+05    2.90674e+03
 Position Rest.      Potential    Kinetic En.   Total Energy  Conserved En.
    4.69998e+02   -5.24958e+05    8.55498e+04   -4.39408e+05   -4.37921e+05
    Temperature Pres. DC (bar) Pressure (bar)   Constr. rmsd
    2.99289e+02   -2.25363e+02    2.84719e+01    2.32593e-06

           Step           Time
          32500       65.00000

   Energies (kJ/mol)
           Bond          Angle    Proper Dih. Ryckaert-Bell.          LJ-14
    1.47721e+03    3.79284e+03    2.57976e+02    1.86628e+03    2.65659e+03
     Coulomb-14        LJ (SR)  Disper. corr.   Coulomb (SR)   Coul. recip.
    7.72891e+03    9.33705e+04   -4.56374e+03   -6.34242e+05    2.90788e+03
 Position Rest.      Potential    Kinetic En.   Total Energy  Conserved En.
    5.07465e+02   -5.24240e+05    8.54522e+04   -4.38788e+05   -4.37930e+05
    Temperature Pres. DC (bar) Pressure (bar)   Constr. rmsd
    2.98948e+02   -2.25913e+02   -1.15560e+01    2.94061e-06

           Step           Time
          33000       66.00000

   Energies (kJ/mol)
           Bond          Angle    Proper Dih. Ryckaert-Bell.          LJ-14
    1.51504e+03    3.78001e+03    2.41248e+02    1.79335e+03    2.67968e+03
     Coulomb-14        LJ (SR)  Disper. corr.   Coulomb (SR)   Coul. recip.
    7.63973e+03    9.49779e+04   -4.56890e+03   -6.35065e+05    3.01289e+03
 Position Rest.      Potential    Kinetic En.   Total Energy  Conserved En.
    4.87164e+02   -5.23507e+05    8.48213e+04   -4.38686e+05   -4.37877e+05
    Temperature Pres. DC (bar) Pressure (bar)   Constr. rmsd
    2.96741e+02   -2.26423e+02    3.95498e+02    2.83406e-06

           Step           Time
          33500       67.00000

   Energies (kJ/mol)
           Bond          Angle    Proper Dih. Ryckaert-Bell.          LJ-14
    1.44831e+03    3.56012e+03    2.37073e+02    1.82415e+03    2.66147e+03
     Coulomb-14        LJ (SR)  Disper. corr.   Coulomb (SR)   Coul. recip.
    7.70531e+03    9.45832e+04   -4.55918e+03   -6.36290e+05    2.93810e+03
 Position Rest.      Potential    Kinetic En.   Total Energy  Conserved En.
    4.74386e+02   -5.25417e+05    8.60142e+04   -4.39402e+05   -4.37916e+05
    Temperature Pres. DC (bar) Pressure (bar)   Constr. rmsd
    3.00914e+02   -2.25462e+02    7.68045e+01    2.57124e-06

Writing checkpoint, step 33700 at Mon Nov 27 11:51:12 2023


           Step           Time
          34000       68.00000

   Energies (kJ/mol)
           Bond          Angle    Proper Dih. Ryckaert-Bell.          LJ-14
    1.43966e+03    3.67935e+03    2.92847e+02    1.81924e+03    2.71373e+03
     Coulomb-14        LJ (SR)  Disper. corr.   Coulomb (SR)   Coul. recip.
    7.80867e+03    9.50119e+04   -4.58463e+03   -6.36903e+05    2.95312e+03
 Position Rest.      Potential    Kinetic En.   Total Energy  Conserved En.
    4.88637e+02   -5.25280e+05    8.51608e+04   -4.40119e+05   -4.37900e+05
    Temperature Pres. DC (bar) Pressure (bar)   Constr. rmsd
    2.97928e+02   -2.27983e+02    3.55570e+02    3.47487e-06

           Step           Time
          34500       69.00000

   Energies (kJ/mol)
           Bond          Angle    Proper Dih. Ryckaert-Bell.          LJ-14
    1.34645e+03    3.64874e+03    2.54308e+02    1.77640e+03    2.67454e+03
     Coulomb-14        LJ (SR)  Disper. corr.   Coulomb (SR)   Coul. recip.
    7.69386e+03    9.36259e+04   -4.57088e+03   -6.36177e+05    2.89476e+03
 Position Rest.      Potential    Kinetic En.   Total Energy  Conserved En.
    4.92001e+02   -5.26341e+05    8.53041e+04   -4.41036e+05   -4.37910e+05
    Temperature Pres. DC (bar) Pressure (bar)   Constr. rmsd
    2.98430e+02   -2.26620e+02   -4.02745e+01    3.14139e-06

           Step           Time
          35000       70.00000

   Energies (kJ/mol)
           Bond          Angle    Proper Dih. Ryckaert-Bell.          LJ-14
    1.44370e+03    3.71503e+03    2.69959e+02    1.78409e+03    2.72515e+03
     Coulomb-14        LJ (SR)  Disper. corr.   Coulomb (SR)   Coul. recip.
    7.86891e+03    9.10183e+04   -4.55806e+03   -6.32374e+05    2.95046e+03
 Position Rest.      Potential    Kinetic En.   Total Energy  Conserved En.
    5.19598e+02   -5.24637e+05    8.56470e+04   -4.38990e+05   -4.37888e+05
    Temperature Pres. DC (bar) Pressure (bar)   Constr. rmsd
    2.99630e+02   -2.25352e+02   -4.74585e+02    2.51217e-06

           Step           Time
          35500       71.00000

   Energies (kJ/mol)
           Bond          Angle    Proper Dih. Ryckaert-Bell.          LJ-14
    1.36341e+03    3.58992e+03    2.22722e+02    1.75505e+03    2.75350e+03
     Coulomb-14        LJ (SR)  Disper. corr.   Coulomb (SR)   Coul. recip.
    7.71284e+03    9.44528e+04   -4.56327e+03   -6.35747e+05    2.88054e+03
 Position Rest.      Potential    Kinetic En.   Total Energy  Conserved En.
    4.79649e+02   -5.25100e+05    8.57249e+04   -4.39375e+05   -4.37912e+05
    Temperature Pres. DC (bar) Pressure (bar)   Constr. rmsd
    2.99902e+02   -2.25866e+02    2.78195e+02    3.15965e-06

           Step           Time
          36000       72.00000

   Energies (kJ/mol)
           Bond          Angle    Proper Dih. Ryckaert-Bell.          LJ-14
    1.40846e+03    3.64981e+03    2.51830e+02    1.82957e+03    2.64960e+03
     Coulomb-14        LJ (SR)  Disper. corr.   Coulomb (SR)   Coul. recip.
    7.79969e+03    9.37704e+04   -4.55902e+03   -6.34933e+05    2.92841e+03
 Position Rest.      Potential    Kinetic En.   Total Energy  Conserved En.
    5.08980e+02   -5.24695e+05    8.56659e+04   -4.39029e+05   -4.37920e+05
    Temperature Pres. DC (bar) Pressure (bar)   Constr. rmsd
    2.99696e+02   -2.25446e+02   -1.47123e+01    3.10110e-06

           Step           Time
          36500       73.00000

   Energies (kJ/mol)
           Bond          Angle    Proper Dih. Ryckaert-Bell.          LJ-14
    1.41254e+03    3.61992e+03    2.59926e+02    1.88207e+03    2.72625e+03
     Coulomb-14        LJ (SR)  Disper. corr.   Coulomb (SR)   Coul. recip.
    7.74013e+03    9.40091e+04   -4.56037e+03   -6.34977e+05    2.97932e+03
 Position Rest.      Potential    Kinetic En.   Total Energy  Conserved En.
    4.45208e+02   -5.24462e+05    8.52756e+04   -4.39187e+05   -4.37911e+05
    Temperature Pres. DC (bar) Pressure (bar)   Constr. rmsd
    2.98330e+02   -2.25580e+02    9.14197e+01    3.46208e-06

           Step           Time
          37000       74.00000

   Energies (kJ/mol)
           Bond          Angle    Proper Dih. Ryckaert-Bell.          LJ-14
    1.42899e+03    3.70260e+03    2.38641e+02    1.77221e+03    2.68540e+03
     Coulomb-14        LJ (SR)  Disper. corr.   Coulomb (SR)   Coul. recip.
    7.74991e+03    9.23051e+04   -4.54145e+03   -6.33993e+05    2.96952e+03
 Position Rest.      Potential    Kinetic En.   Total Energy  Conserved En.
    4.58632e+02   -5.25224e+05    8.64692e+04   -4.38754e+05   -4.37927e+05
    Temperature Pres. DC (bar) Pressure (bar)   Constr. rmsd
    3.02506e+02   -2.23714e+02   -2.89959e+02    2.37380e-06

           Step           Time
          37500       75.00000

   Energies (kJ/mol)
           Bond          Angle    Proper Dih. Ryckaert-Bell.          LJ-14
    1.45875e+03    3.82727e+03    2.51461e+02    1.83220e+03    2.67835e+03
     Coulomb-14        LJ (SR)  Disper. corr.   Coulomb (SR)   Coul. recip.
    7.81879e+03    9.51635e+04   -4.56167e+03   -6.37750e+05    2.91683e+03
 Position Rest.      Potential    Kinetic En.   Total Energy  Conserved En.
    4.97771e+02   -5.25867e+05    8.58323e+04   -4.40035e+05   -4.37896e+05
    Temperature Pres. DC (bar) Pressure (bar)   Constr. rmsd
    3.00278e+02   -2.25708e+02    1.73985e+02    2.38879e-06

           Step           Time
          38000       76.00000

   Energies (kJ/mol)
           Bond          Angle    Proper Dih. Ryckaert-Bell.          LJ-14
    1.44545e+03    3.63624e+03    2.61868e+02    1.75667e+03    2.67960e+03
     Coulomb-14        LJ (SR)  Disper. corr.   Coulomb (SR)   Coul. recip.
    7.71573e+03    9.41608e+04   -4.57125e+03   -6.36239e+05    2.89257e+03
 Position Rest.      Potential    Kinetic En.   Total Energy  Conserved En.
    5.19884e+02   -5.25742e+05    8.53031e+04   -4.40439e+05   -4.37906e+05
    Temperature Pres. DC (bar) Pressure (bar)   Constr. rmsd
    2.98426e+02   -2.26656e+02    1.01259e+02    2.69436e-06

           Step           Time
          38500       77.00000

   Energies (kJ/mol)
           Bond          Angle    Proper Dih. Ryckaert-Bell.          LJ-14
    1.44587e+03    3.80639e+03    2.36269e+02    1.76965e+03    2.67221e+03
     Coulomb-14        LJ (SR)  Disper. corr.   Coulomb (SR)   Coul. recip.
    7.70486e+03    9.36045e+04   -4.55829e+03   -6.34258e+05    2.94761e+03
 Position Rest.      Potential    Kinetic En.   Total Energy  Conserved En.
    4.91603e+02   -5.24137e+05    8.49321e+04   -4.39205e+05   -4.37896e+05
    Temperature Pres. DC (bar) Pressure (bar)   Constr. rmsd
    2.97129e+02   -2.25375e+02   -5.32662e+01    3.00140e-06

           Step           Time
          39000       78.00000

   Energies (kJ/mol)
           Bond          Angle    Proper Dih. Ryckaert-Bell.          LJ-14
    1.45110e+03    3.71404e+03    2.92753e+02    1.83372e+03    2.70408e+03
     Coulomb-14        LJ (SR)  Disper. corr.   Coulomb (SR)   Coul. recip.
    7.67033e+03    9.39323e+04   -4.55522e+03   -6.35271e+05    2.92329e+03
 Position Rest.      Potential    Kinetic En.   Total Energy  Conserved En.
    5.02495e+02   -5.24802e+05    8.52489e+04   -4.39553e+05   -4.37895e+05
    Temperature Pres. DC (bar) Pressure (bar)   Constr. rmsd
    2.98237e+02   -2.25071e+02    7.39086e+01    3.09770e-06

Writing checkpoint, step 39350 at Mon Nov 27 12:06:17 2023


           Step           Time
          39500       79.00000

   Energies (kJ/mol)
           Bond          Angle    Proper Dih. Ryckaert-Bell.          LJ-14
    1.57124e+03    3.55944e+03    2.31441e+02    1.76823e+03    2.70285e+03
     Coulomb-14        LJ (SR)  Disper. corr.   Coulomb (SR)   Coul. recip.
    7.74443e+03    9.36311e+04   -4.55732e+03   -6.35145e+05    2.96839e+03
 Position Rest.      Potential    Kinetic En.   Total Energy  Conserved En.
    5.14564e+02   -5.25010e+05    8.46138e+04   -4.40396e+05   -4.37891e+05
    Temperature Pres. DC (bar) Pressure (bar)   Constr. rmsd
    2.96015e+02   -2.25278e+02   -1.38949e+02    2.64333e-06

           Step           Time
          40000       80.00000

   Energies (kJ/mol)
           Bond          Angle    Proper Dih. Ryckaert-Bell.          LJ-14
    1.42259e+03    3.65653e+03    2.71237e+02    1.81970e+03    2.74243e+03
     Coulomb-14        LJ (SR)  Disper. corr.   Coulomb (SR)   Coul. recip.
    7.75458e+03    9.47993e+04   -4.56059e+03   -6.36510e+05    2.84034e+03
 Position Rest.      Potential    Kinetic En.   Total Energy  Conserved En.
    4.48954e+02   -5.25315e+05    8.52608e+04   -4.40054e+05   -4.37895e+05
    Temperature Pres. DC (bar) Pressure (bar)   Constr. rmsd
    2.98279e+02   -2.25601e+02    1.30411e+02    2.90055e-06

           Step           Time
          40500       81.00000

   Energies (kJ/mol)
           Bond          Angle    Proper Dih. Ryckaert-Bell.          LJ-14
    1.53857e+03    3.79814e+03    2.46198e+02    1.85838e+03    2.63184e+03
     Coulomb-14        LJ (SR)  Disper. corr.   Coulomb (SR)   Coul. recip.
    7.74029e+03    9.27206e+04   -4.55527e+03   -6.34404e+05    2.96367e+03
 Position Rest.      Potential    Kinetic En.   Total Energy  Conserved En.
    5.23334e+02   -5.24938e+05    8.61957e+04   -4.38743e+05   -4.37891e+05
    Temperature Pres. DC (bar) Pressure (bar)   Constr. rmsd
    3.01549e+02   -2.25076e+02   -2.78500e+02    3.05603e-06

           Step           Time
          41000       82.00000

   Energies (kJ/mol)
           Bond          Angle    Proper Dih. Ryckaert-Bell.          LJ-14
    1.36529e+03    3.87683e+03    2.51965e+02    1.86930e+03    2.64880e+03
     Coulomb-14        LJ (SR)  Disper. corr.   Coulomb (SR)   Coul. recip.
    7.70319e+03    9.45327e+04   -4.58125e+03   -6.35742e+05    2.93529e+03
 Position Rest.      Potential    Kinetic En.   Total Energy  Conserved En.
    5.31707e+02   -5.24608e+05    8.51850e+04   -4.39423e+05   -4.37905e+05
    Temperature Pres. DC (bar) Pressure (bar)   Constr. rmsd
    2.98013e+02   -2.27648e+02    1.73626e+02    2.82548e-06

           Step           Time
          41500       83.00000

   Energies (kJ/mol)
           Bond          Angle    Proper Dih. Ryckaert-Bell.          LJ-14
    1.44137e+03    3.67233e+03    2.42355e+02    1.81320e+03    2.75507e+03
     Coulomb-14        LJ (SR)  Disper. corr.   Coulomb (SR)   Coul. recip.
    7.80070e+03    9.27769e+04   -4.54474e+03   -6.33726e+05    2.99501e+03
 Position Rest.      Potential    Kinetic En.   Total Energy  Conserved En.
    4.92866e+02   -5.24281e+05    8.50481e+04   -4.39233e+05   -4.37899e+05
    Temperature Pres. DC (bar) Pressure (bar)   Constr. rmsd
    2.97535e+02   -2.24038e+02   -7.12651e+01    2.79351e-06

           Step           Time
          42000       84.00000

   Energies (kJ/mol)
           Bond          Angle    Proper Dih. Ryckaert-Bell.          LJ-14
    1.42454e+03    3.78786e+03    2.21082e+02    1.83282e+03    2.63123e+03
     Coulomb-14        LJ (SR)  Disper. corr.   Coulomb (SR)   Coul. recip.
    7.75013e+03    9.32138e+04   -4.56065e+03   -6.33984e+05    2.91573e+03
 Position Rest.      Potential    Kinetic En.   Total Energy  Conserved En.
    4.73832e+02   -5.24293e+05    8.49789e+04   -4.39314e+05   -4.37880e+05
    Temperature Pres. DC (bar) Pressure (bar)   Constr. rmsd
    2.97292e+02   -2.25607e+02   -8.71765e+01    2.84855e-06

           Step           Time
          42500       85.00000

   Energies (kJ/mol)
           Bond          Angle    Proper Dih. Ryckaert-Bell.          LJ-14
    1.44344e+03    3.72426e+03    2.80611e+02    1.87167e+03    2.78216e+03
     Coulomb-14        LJ (SR)  Disper. corr.   Coulomb (SR)   Coul. recip.
    7.73741e+03    9.23876e+04   -4.55894e+03   -6.31582e+05    2.94392e+03
 Position Rest.      Potential    Kinetic En.   Total Energy  Conserved En.
    5.00135e+02   -5.22469e+05    8.57440e+04   -4.36725e+05   -4.37875e+05
    Temperature Pres. DC (bar) Pressure (bar)   Constr. rmsd
    2.99969e+02   -2.25438e+02    1.33332e+02    3.14979e-06

           Step           Time
          43000       86.00000

   Energies (kJ/mol)
           Bond          Angle    Proper Dih. Ryckaert-Bell.          LJ-14
    1.37770e+03    3.80243e+03    2.78835e+02    1.79805e+03    2.66249e+03
     Coulomb-14        LJ (SR)  Disper. corr.   Coulomb (SR)   Coul. recip.
    7.74892e+03    9.30435e+04   -4.57794e+03   -6.33718e+05    2.88782e+03
 Position Rest.      Potential    Kinetic En.   Total Energy  Conserved En.
    5.06389e+02   -5.24190e+05    8.52346e+04   -4.38955e+05   -4.37899e+05
    Temperature Pres. DC (bar) Pressure (bar)   Constr. rmsd
    2.98187e+02   -2.27319e+02    8.33799e+01    2.92973e-06

           Step           Time
          43500       87.00000

   Energies (kJ/mol)
           Bond          Angle    Proper Dih. Ryckaert-Bell.          LJ-14
    1.37957e+03    3.78494e+03    2.48547e+02    1.78139e+03    2.67503e+03
     Coulomb-14        LJ (SR)  Disper. corr.   Coulomb (SR)   Coul. recip.
    7.78369e+03    9.28286e+04   -4.56515e+03   -6.33884e+05    2.96058e+03
 Position Rest.      Potential    Kinetic En.   Total Energy  Conserved En.
    4.80970e+02   -5.24526e+05    8.50737e+04   -4.39452e+05   -4.37895e+05
    Temperature Pres. DC (bar) Pressure (bar)   Constr. rmsd
    2.97624e+02   -2.26052e+02   -6.51951e+01    3.17509e-06

           Step           Time
          44000       88.00000

   Energies (kJ/mol)
           Bond          Angle    Proper Dih. Ryckaert-Bell.          LJ-14
    1.52414e+03    3.50895e+03    2.60227e+02    1.80230e+03    2.65699e+03
     Coulomb-14        LJ (SR)  Disper. corr.   Coulomb (SR)   Coul. recip.
    7.80072e+03    9.44735e+04   -4.56319e+03   -6.36030e+05    2.91399e+03
 Position Rest.      Potential    Kinetic En.   Total Energy  Conserved En.
    4.79169e+02   -5.25173e+05    8.57460e+04   -4.39427e+05   -4.37890e+05
    Temperature Pres. DC (bar) Pressure (bar)   Constr. rmsd
    2.99976e+02   -2.25858e+02   -3.57626e+01    2.88387e-06

           Step           Time
          44500       89.00000

   Energies (kJ/mol)
           Bond          Angle    Proper Dih. Ryckaert-Bell.          LJ-14
    1.45198e+03    3.56219e+03    2.52638e+02    2.00624e+03    2.66099e+03
     Coulomb-14        LJ (SR)  Disper. corr.   Coulomb (SR)   Coul. recip.
    7.72277e+03    9.28279e+04   -4.54629e+03   -6.33612e+05    2.92582e+03
 Position Rest.      Potential    Kinetic En.   Total Energy  Conserved En.
    4.84676e+02   -5.24263e+05    8.54297e+04   -4.38834e+05   -4.37906e+05
    Temperature Pres. DC (bar) Pressure (bar)   Constr. rmsd
    2.98869e+02   -2.24190e+02   -2.46547e+02    2.66255e-06

Writing checkpoint, step 44950 at Mon Nov 27 12:21:15 2023


           Step           Time
          45000       90.00000

   Energies (kJ/mol)
           Bond          Angle    Proper Dih. Ryckaert-Bell.          LJ-14
    1.44242e+03    3.78945e+03    2.73533e+02    1.82628e+03    2.66221e+03
     Coulomb-14        LJ (SR)  Disper. corr.   Coulomb (SR)   Coul. recip.
    7.72830e+03    9.27834e+04   -4.54807e+03   -6.34464e+05    2.99079e+03
 Position Rest.      Potential    Kinetic En.   Total Energy  Conserved En.
    4.93592e+02   -5.25022e+05    8.60560e+04   -4.38966e+05   -4.37907e+05
    Temperature Pres. DC (bar) Pressure (bar)   Constr. rmsd
    3.01061e+02   -2.24366e+02   -2.30752e+02    2.97954e-06

           Step           Time
          45500       91.00000

   Energies (kJ/mol)
           Bond          Angle    Proper Dih. Ryckaert-Bell.          LJ-14
    1.43471e+03    3.72514e+03    2.81023e+02    1.80665e+03    2.68517e+03
     Coulomb-14        LJ (SR)  Disper. corr.   Coulomb (SR)   Coul. recip.
    7.69442e+03    9.41013e+04   -4.54239e+03   -6.34894e+05    3.01584e+03
 Position Rest.      Potential    Kinetic En.   Total Energy  Conserved En.
    5.04250e+02   -5.24188e+05    8.57854e+04   -4.38403e+05   -4.37896e+05
    Temperature Pres. DC (bar) Pressure (bar)   Constr. rmsd
    3.00114e+02   -2.23806e+02   -5.47616e+01    2.60978e-06

           Step           Time
          46000       92.00000

   Energies (kJ/mol)
           Bond          Angle    Proper Dih. Ryckaert-Bell.          LJ-14
    1.52196e+03    3.76134e+03    2.57415e+02    1.81152e+03    2.63752e+03
     Coulomb-14        LJ (SR)  Disper. corr.   Coulomb (SR)   Coul. recip.
    7.65859e+03    9.42491e+04   -4.56336e+03   -6.35266e+05    2.94406e+03
 Position Rest.      Potential    Kinetic En.   Total Energy  Conserved En.
    4.71747e+02   -5.24516e+05    8.54136e+04   -4.39102e+05   -4.37872e+05
    Temperature Pres. DC (bar) Pressure (bar)   Constr. rmsd
    2.98813e+02   -2.25875e+02   -1.11986e+01    2.90018e-06

           Step           Time
          46500       93.00000

   Energies (kJ/mol)
           Bond          Angle    Proper Dih. Ryckaert-Bell.          LJ-14
    1.46958e+03    3.55410e+03    2.48068e+02    1.83484e+03    2.68653e+03
     Coulomb-14        LJ (SR)  Disper. corr.   Coulomb (SR)   Coul. recip.
    7.73408e+03    9.33276e+04   -4.56725e+03   -6.34457e+05    2.95771e+03
 Position Rest.      Potential    Kinetic En.   Total Energy  Conserved En.
    4.78558e+02   -5.24733e+05    8.46959e+04   -4.40038e+05   -4.37888e+05
    Temperature Pres. DC (bar) Pressure (bar)   Constr. rmsd
    2.96302e+02   -2.26260e+02    4.38841e+01    3.01153e-06

           Step           Time
          47000       94.00000

   Energies (kJ/mol)
           Bond          Angle    Proper Dih. Ryckaert-Bell.          LJ-14
    1.52303e+03    3.59129e+03    2.63373e+02    1.82274e+03    2.69180e+03
     Coulomb-14        LJ (SR)  Disper. corr.   Coulomb (SR)   Coul. recip.
    7.64930e+03    9.34167e+04   -4.56166e+03   -6.34414e+05    2.91933e+03
 Position Rest.      Potential    Kinetic En.   Total Energy  Conserved En.
    4.71699e+02   -5.24626e+05    8.59789e+04   -4.38647e+05   -4.37868e+05
    Temperature Pres. DC (bar) Pressure (bar)   Constr. rmsd
    3.00791e+02   -2.25707e+02    2.96078e+00    3.00218e-06

           Step           Time
          47500       95.00000

   Energies (kJ/mol)
           Bond          Angle    Proper Dih. Ryckaert-Bell.          LJ-14
    1.31556e+03    3.77788e+03    2.76335e+02    1.83473e+03    2.81010e+03
     Coulomb-14        LJ (SR)  Disper. corr.   Coulomb (SR)   Coul. recip.
    7.72960e+03    9.19996e+04   -4.56038e+03   -6.32060e+05    2.95471e+03
 Position Rest.      Potential    Kinetic En.   Total Energy  Conserved En.
    5.12872e+02   -5.23409e+05    8.58578e+04   -4.37552e+05   -4.37875e+05
    Temperature Pres. DC (bar) Pressure (bar)   Constr. rmsd
    3.00367e+02   -2.25580e+02    9.90574e+01    2.80244e-06

           Step           Time
          48000       96.00000

   Energies (kJ/mol)
           Bond          Angle    Proper Dih. Ryckaert-Bell.          LJ-14
    1.57569e+03    3.80508e+03    2.40980e+02    1.79796e+03    2.63656e+03
     Coulomb-14        LJ (SR)  Disper. corr.   Coulomb (SR)   Coul. recip.
    7.70770e+03    9.31052e+04   -4.54959e+03   -6.32583e+05    3.00356e+03
 Position Rest.      Potential    Kinetic En.   Total Energy  Conserved En.
    5.06006e+02   -5.22754e+05    8.63059e+04   -4.36448e+05   -4.37866e+05
    Temperature Pres. DC (bar) Pressure (bar)   Constr. rmsd
    3.01935e+02   -2.24515e+02   -7.81272e+01    3.01418e-06

           Step           Time
          48500       97.00000

   Energies (kJ/mol)
           Bond          Angle    Proper Dih. Ryckaert-Bell.          LJ-14
    1.51046e+03    3.58298e+03    2.21035e+02    1.78996e+03    2.68376e+03
     Coulomb-14        LJ (SR)  Disper. corr.   Coulomb (SR)   Coul. recip.
    7.75912e+03    9.49623e+04   -4.55893e+03   -6.35477e+05    2.97790e+03
 Position Rest.      Potential    Kinetic En.   Total Energy  Conserved En.
    5.04307e+02   -5.24044e+05    8.60078e+04   -4.38036e+05   -4.37880e+05
    Temperature Pres. DC (bar) Pressure (bar)   Constr. rmsd
    3.00892e+02   -2.25437e+02    3.03313e+02    3.16525e-06

           Step           Time
          49000       98.00000

   Energies (kJ/mol)
           Bond          Angle    Proper Dih. Ryckaert-Bell.          LJ-14
    1.58748e+03    3.60735e+03    2.79963e+02    1.74261e+03    2.65763e+03
     Coulomb-14        LJ (SR)  Disper. corr.   Coulomb (SR)   Coul. recip.
    7.67733e+03    9.45323e+04   -4.56338e+03   -6.34637e+05    2.99893e+03
 Position Rest.      Potential    Kinetic En.   Total Energy  Conserved En.
    4.85755e+02   -5.23631e+05    8.61195e+04   -4.37512e+05   -4.37860e+05
    Temperature Pres. DC (bar) Pressure (bar)   Constr. rmsd
    3.01283e+02   -2.25877e+02    1.24463e+02    2.76793e-06

           Step           Time
          49500       99.00000

   Energies (kJ/mol)
           Bond          Angle    Proper Dih. Ryckaert-Bell.          LJ-14
    1.39933e+03    3.78473e+03    2.39881e+02    1.85410e+03    2.74406e+03
     Coulomb-14        LJ (SR)  Disper. corr.   Coulomb (SR)   Coul. recip.
    7.70798e+03    9.37514e+04   -4.56274e+03   -6.34914e+05    2.93433e+03
 Position Rest.      Potential    Kinetic En.   Total Energy  Conserved En.
    5.40583e+02   -5.24520e+05    8.63992e+04   -4.38121e+05   -4.37880e+05
    Temperature Pres. DC (bar) Pressure (bar)   Constr. rmsd
    3.02261e+02   -2.25814e+02    2.51634e+02    2.91421e-06

           Step           Time
          50000      100.00000

Writing checkpoint, step 50000 at Mon Nov 27 12:34:44 2023


   Energies (kJ/mol)
           Bond          Angle    Proper Dih. Ryckaert-Bell.          LJ-14
    1.49018e+03    3.68041e+03    2.47645e+02    1.81948e+03    2.70752e+03
     Coulomb-14        LJ (SR)  Disper. corr.   Coulomb (SR)   Coul. recip.
    7.81077e+03    9.41896e+04   -4.54282e+03   -6.35339e+05    2.95360e+03
 Position Rest.      Potential    Kinetic En.   Total Energy  Conserved En.
    4.63373e+02   -5.24520e+05    8.58828e+04   -4.38637e+05   -4.37876e+05
    Temperature Pres. DC (bar) Pressure (bar)   Constr. rmsd
    3.00454e+02   -2.23849e+02    5.99350e+01    2.71041e-06

	<======  ###############  ==>
	<====  A V E R A G E S  ====>
	<==  ###############  ======>

	Statistics over 50001 steps using 501 frames

   Energies (kJ/mol)
           Bond          Angle    Proper Dih. Ryckaert-Bell.          LJ-14
    1.45307e+03    3.71559e+03    2.48990e+02    1.82692e+03    2.67570e+03
     Coulomb-14        LJ (SR)  Disper. corr.   Coulomb (SR)   Coul. recip.
    7.73588e+03    9.36357e+04   -4.56053e+03   -6.34753e+05    2.93234e+03
 Position Rest.      Potential    Kinetic En.   Total Energy  Conserved En.
    4.84242e+02   -5.24605e+05    8.57437e+04   -4.38862e+05   -4.37949e+05
    Temperature Pres. DC (bar) Pressure (bar)   Constr. rmsd
    2.99968e+02   -2.25598e+02    1.04666e+01    0.00000e+00

          Box-X          Box-Y          Box-Z
    6.95265e+00    6.95265e+00    6.95265e+00

   Total Virial (kJ/mol)
    2.84139e+04   -1.67350e+01   -2.92591e+02
   -1.69248e+01    2.84620e+04    1.96073e+02
   -2.91911e+02    1.97091e+02    2.85549e+04

   Pressure (bar)
    1.85208e+01    1.49171e+00    2.95956e+01
    1.51058e+00    1.14946e+01   -2.05589e+01
    2.95285e+01   -2.06595e+01    1.38436e+00

      T-Protein  T-non-Protein
    3.00181e+02    2.99951e+02


	M E G A - F L O P S   A C C O U N T I N G

 NB=Group-cutoff nonbonded kernels    NxN=N-by-N cluster Verlet kernels
 RF=Reaction-Field  VdW=Van der Waals  QSTab=quadratic-spline table
 W3=SPC/TIP3p  W4=TIP4p (single or pairs)
 V&F=Potential and force  V=Potential only  F=Force only

 Computing:                               M-Number         M-Flops  % Flops
-----------------------------------------------------------------------------
 Pair Search distance check           11615.225014      104537.025     0.3
 NxN QSTab Elec. + LJ [F]            451460.397784    18509876.309    52.7
 NxN QSTab Elec. + LJ [V&F]            4568.919984      269566.279     0.8
 NxN QSTab Elec. [F]                 399803.575608    13593321.571    38.7
 NxN QSTab Elec. [V&F]                 4045.936576      165883.400     0.5
 1,4 nonbonded interactions             255.305106       22977.460     0.1
 Calc Weights                          5081.501628      182934.059     0.5
 Spread Q Bspline                    108405.368064      216810.736     0.6
 Gather F Bspline                    108405.368064      650432.208     1.9
 3D-FFT                              139519.590336     1116156.723     3.2
 Solve PME                               96.801936        6195.324     0.0
 Shift-X                                 33.909876         203.459     0.0
 Bonds                                   51.251025        3023.810     0.0
 Angles                                 177.353547       29795.396     0.1
 Propers                                 21.300426        4877.798     0.0
 RB-Dihedrals                           197.503950       48783.476     0.1
 Pos. Restr.                             50.051001        2502.550     0.0
 Virial                                 169.638921        3053.501     0.0
 Stop-CM                                 16.971876         169.719     0.0
 Calc-Ekin                              338.827752        9148.349     0.0
 Lincs                                   47.950959        2877.058     0.0
 Lincs-Mat                              238.804776         955.219     0.0
 Constraint-V                          1691.333826       13530.671     0.0
 Constraint-Vir                         164.367867        3944.829     0.0
 Settle                                 531.810636      171774.835     0.5
-----------------------------------------------------------------------------
 Total                                                35133331.762   100.0
-----------------------------------------------------------------------------


     R E A L   C Y C L E   A N D   T I M E   A C C O U N T I N G

On 1 MPI rank

 Computing:          Num   Num      Call    Wall time         Giga-Cycles
                     Ranks Threads  Count      (s)         total sum    %
-----------------------------------------------------------------------------
 Neighbor search        1    1       1001      64.354        186.189   0.8
 Force                  1    1      50001    7564.216      21884.640  94.4
 PME mesh               1    1      50001     288.571        834.887   3.6
 NB X/F buffer ops.     1    1      99001      13.556         39.220   0.2
 Write traj.            1    1        108       1.321          3.821   0.0
 Update                 1    1      50001      13.763         39.818   0.2
 Constraints            1    1      50001      64.743        187.313   0.8
 Rest                                           3.849         11.135   0.0
-----------------------------------------------------------------------------
 Total                                       8014.372      23187.023 100.0
-----------------------------------------------------------------------------
 Breakdown of PME mesh computation
-----------------------------------------------------------------------------
 PME spread             1    1      50001     117.535        340.049   1.5
 PME gather             1    1      50001     103.019        298.052   1.3
 PME 3D-FFT             1    1     100002      56.596        163.742   0.7
 PME solve Elec         1    1      50001      11.269         32.604   0.1
-----------------------------------------------------------------------------

               Core t (s)   Wall t (s)        (%)
       Time:     8014.372     8014.372      100.0
                         2h13:34
                 (ns/day)    (hour/ns)
Performance:        1.078       22.262
Finished mdrun on rank 0 Mon Nov 27 12:34:44 2023
